<?xml version="1.0" encoding="UTF-8"?>
<testsuite xmlns:xsi="http://www.w3.org/2001/XMLSchema-instance" xsi:noNamespaceSchemaLocation="https://maven.apache.org/surefire/maven-failsafe-plugin/xsd/failsafe-test-report-3.0.xsd" version="3.0" name="vmo.CucumberTestSuite" time="22.628" tests="1" errors="0" skipped="0" failures="0">
  <properties>
[...]
</properties>
  <testcase name="Access AHI Main" classname="Data Management" time="19.169">
    <system-out><![CDATA[08:53:21.007 [main] DEBUG i.c.core.plugin.SerenityReporter - Running feature from file:///F:/work_space/MyEC/serenity-cucumber/src/test/resources/features/asset/DataManagement.feature
08:53:21.129 [main] INFO   - 

-------------------------------------------------------------------------------------
     _______. _______ .______       _______ .__   __.  __  .___________.____    ____ 
    /       ||   ____||   _  \     |   ____||  \ |  | |  | |           |\   \  /   / 
   |   (----`|  |__   |  |_)  |    |  |__   |   \|  | |  | `---|  |----` \   \/   /  
    \   \    |   __|  |      /     |   __|  |  . `  | |  |     |  |       \_    _/   
.----)   |   |  |____ |  |\  \----.|  |____ |  |\   | |  |     |  |         |  |     
|_______/    |_______|| _| `._____||_______||__| \__| |__|     |__|         |__|    
                                                                                     
 News and tutorials at http://www.serenity-bdd.info                                  
 Documentation at https://wakaleo.gitbooks.io/the-serenity-book/content/             
 Join the Serenity Community on Gitter: https://gitter.im/serenity-bdd/serenity-core 
 Serenity BDD Support and Training at http://serenity-bdd.info/#/trainingandsupport  
-------------------------------------------------------------------------------------

08:53:21.145 [main] INFO   - Test Suite Started: Data Management
08:53:21.145 [main] DEBUG i.c.core.plugin.SerenityReporter - Running feature from file:///F:/work_space/MyEC/serenity-cucumber/src/test/resources/features/asset/DataManagement.feature
08:53:21.160 [main] INFO   - Test Suite Started: Data Management

@Asset @AHIMain
Scenario: Access AHI Main                &amp#27;[90m# src/test/resources/features/asset/DataManagement.feature:8&amp#27;[0m
08:53:21.223 [main] DEBUG i.c.core.plugin.SerenityReporter - Running feature from file:///F:/work_space/MyEC/serenity-cucumber/src/test/resources/features/asset/DataManagement.feature
08:53:21.301 [main] INFO   - 
  _____   ___   ___   _____     ___   _____     _     ___   _____   ___   ___  
 |_   _| | __| / __| |_   _|   / __| |_   _|   /_\   | _ \ |_   _| | __| |   \ 
   | |   | _|  \__ \   | |     \__ \   | |    / _ \  |   /   | |   | _|  | |) |
   |_|   |___| |___/   |_|     |___/   |_|   /_/ \_\ |_|_\   |_|   |___| |___/ 

Access AHI Main(data-management;access-ahi-main)
--------------------------------------------------------------------------------
08:53:21.977 [main] INFO  n.s.c.w.d.DriverProvider - Using WebDriverManager configuration for chrome
08:53:22.243 [main] DEBUG i.g.b.wdm.cache.ResolutionCache - Resolution chrome=114 in cache (valid until 09:51:55 13/07/2023 ICT)
08:53:22.243 [main] DEBUG i.g.b.wdm.cache.ResolutionCache - Resolution chrome114=114.0.5735.90 in cache (valid until 10:47:26 13/07/2023 ICT)
08:53:22.243 [main] INFO  i.g.bonigarcia.wdm.WebDriverManager - Using chromedriver 114.0.5735.90 (resolved driver for Chrome 114)
08:53:22.258 [main] DEBUG i.g.bonigarcia.wdm.WebDriverManager - Driver chromedriver 114.0.5735.90 found in cache
08:53:22.258 [main] INFO  i.g.bonigarcia.wdm.WebDriverManager - Exporting webdriver.chrome.driver as C:\Users\USER\.cache\selenium\chromedriver\win32\114.0.5735.90\chromedriver.exe
08:53:22.305 [main] INFO  n.s.c.w.d.ChromeDriverProvider - Starting Chrome driver instance with capabilities:
08:53:22.321 [main] INFO  n.s.c.w.d.ChromeDriverProvider - Capabilities {acceptInsecureCerts: false, browserName: chrome, goog:chromeOptions: {args: [start-maximized, start-maximized, remote-allow-origins=*], extensions: []}}
08:53:22.399 [main] DEBUG i.n.u.i.l.InternalLoggerFactory - Using SLF4J as the default logging framework
08:53:22.399 [main] DEBUG io.netty.util.ResourceLeakDetector - -Dio.netty.leakDetection.level: simple
08:53:22.399 [main] DEBUG io.netty.util.ResourceLeakDetector - -Dio.netty.leakDetection.targetRecords: 4
08:53:22.399 [main] DEBUG i.n.util.ResourceLeakDetectorFactory - Loaded default ResourceLeakDetector: io.netty.util.ResourceLeakDetector@50de907a
08:53:22.415 [main] DEBUG i.n.util.internal.PlatformDependent0 - -Dio.netty.noUnsafe: false
08:53:22.415 [main] DEBUG i.n.util.internal.PlatformDependent0 - Java version: 11
08:53:22.415 [main] DEBUG i.n.util.internal.PlatformDependent0 - sun.misc.Unsafe.theUnsafe: available
08:53:22.415 [main] DEBUG i.n.util.internal.PlatformDependent0 - sun.misc.Unsafe.copyMemory: available
08:53:22.415 [main] DEBUG i.n.util.internal.PlatformDependent0 - sun.misc.Unsafe.storeFence: available
08:53:22.415 [main] DEBUG i.n.util.internal.PlatformDependent0 - java.nio.Buffer.address: available
08:53:22.415 [main] DEBUG i.n.util.internal.PlatformDependent0 - direct buffer constructor: unavailable: Reflective setAccessible(true) disabled
08:53:22.415 [main] DEBUG i.n.util.internal.PlatformDependent0 - java.nio.Bits.unaligned: available, true
08:53:22.415 [main] DEBUG i.n.util.internal.PlatformDependent0 - jdk.internal.misc.Unsafe.allocateUninitializedArray(int): unavailable: class io.netty.util.internal.PlatformDependent0$7 cannot access class jdk.internal.misc.Unsafe (in module java.base) because module java.base does not export jdk.internal.misc to unnamed module @17d238b1
08:53:22.415 [main] DEBUG i.n.util.internal.PlatformDependent0 - java.nio.DirectByteBuffer.<init>(long, int): unavailable
08:53:22.415 [main] DEBUG i.n.util.internal.PlatformDependent - sun.misc.Unsafe: available
08:53:22.415 [main] DEBUG i.n.util.internal.PlatformDependent - maxDirectMemory: 4198498304 bytes (maybe)
08:53:22.415 [main] DEBUG i.n.util.internal.PlatformDependent - -Dio.netty.tmpdir: C:\Users\USER\AppData\Local\Temp (java.io.tmpdir)
08:53:22.415 [main] DEBUG i.n.util.internal.PlatformDependent - -Dio.netty.bitMode: 64 (sun.arch.data.model)
08:53:22.415 [main] DEBUG i.n.util.internal.PlatformDependent - Platform: Windows
08:53:22.415 [main] DEBUG i.n.util.internal.PlatformDependent - -Dio.netty.maxDirectMemory: -1 bytes
08:53:22.415 [main] DEBUG i.n.util.internal.PlatformDependent - -Dio.netty.uninitializedArrayAllocationThreshold: -1
08:53:22.415 [main] DEBUG io.netty.util.internal.CleanerJava9 - java.nio.ByteBuffer.cleaner(): available
08:53:22.415 [main] DEBUG i.n.util.internal.PlatformDependent - -Dio.netty.noPreferDirect: false
08:53:22.430 [main] DEBUG i.n.util.internal.PlatformDependent - org.jctools-core.MpscChunkedArrayQueue: available
08:53:22.430 [main] DEBUG i.n.u.i.InternalThreadLocalMap - -Dio.netty.threadLocalMap.stringBuilder.initialSize: 1024
08:53:22.430 [main] DEBUG i.n.u.i.InternalThreadLocalMap - -Dio.netty.threadLocalMap.stringBuilder.maxSize: 4096
08:53:22.446 [main] DEBUG io.netty.handler.ssl.JdkSslContext - Default protocols (JDK): [TLSv1.3, TLSv1.2] 
08:53:22.446 [main] DEBUG io.netty.handler.ssl.JdkSslContext - Default cipher suites (JDK): [TLS_ECDHE_ECDSA_WITH_AES_256_GCM_SHA384, TLS_ECDHE_ECDSA_WITH_AES_128_GCM_SHA256, TLS_ECDHE_RSA_WITH_AES_128_GCM_SHA256, TLS_ECDHE_RSA_WITH_AES_256_GCM_SHA384, TLS_ECDHE_RSA_WITH_AES_128_CBC_SHA, TLS_ECDHE_RSA_WITH_AES_256_CBC_SHA, TLS_RSA_WITH_AES_128_GCM_SHA256, TLS_RSA_WITH_AES_128_CBC_SHA, TLS_RSA_WITH_AES_256_CBC_SHA, TLS_AES_128_GCM_SHA256, TLS_AES_256_GCM_SHA384]
08:53:22.462 [main] DEBUG i.n.u.concurrent.GlobalEventExecutor - -Dio.netty.globalEventExecutor.quietPeriodSeconds: 1
08:53:22.462 [main] DEBUG i.n.c.MultithreadEventLoopGroup - -Dio.netty.eventLoopThreads: 16
08:53:22.477 [main] DEBUG io.netty.channel.nio.NioEventLoop - -Dio.netty.noKeySetOptimization: false
08:53:22.477 [main] DEBUG io.netty.channel.nio.NioEventLoop - -Dio.netty.selectorAutoRebuildThreshold: 512
08:53:22.508 [main] DEBUG i.n.buffer.PooledByteBufAllocator - -Dio.netty.allocator.numHeapArenas: 16
08:53:22.508 [main] DEBUG i.n.buffer.PooledByteBufAllocator - -Dio.netty.allocator.numDirectArenas: 16
08:53:22.508 [main] DEBUG i.n.buffer.PooledByteBufAllocator - -Dio.netty.allocator.pageSize: 8192
08:53:22.508 [main] DEBUG i.n.buffer.PooledByteBufAllocator - -Dio.netty.allocator.maxOrder: 9
08:53:22.508 [main] DEBUG i.n.buffer.PooledByteBufAllocator - -Dio.netty.allocator.chunkSize: 4194304
08:53:22.508 [main] DEBUG i.n.buffer.PooledByteBufAllocator - -Dio.netty.allocator.smallCacheSize: 256
08:53:22.508 [main] DEBUG i.n.buffer.PooledByteBufAllocator - -Dio.netty.allocator.normalCacheSize: 64
08:53:22.508 [main] DEBUG i.n.buffer.PooledByteBufAllocator - -Dio.netty.allocator.maxCachedBufferCapacity: 32768
08:53:22.508 [main] DEBUG i.n.buffer.PooledByteBufAllocator - -Dio.netty.allocator.cacheTrimInterval: 8192
08:53:22.508 [main] DEBUG i.n.buffer.PooledByteBufAllocator - -Dio.netty.allocator.cacheTrimIntervalMillis: 0
08:53:22.508 [main] DEBUG i.n.buffer.PooledByteBufAllocator - -Dio.netty.allocator.useCacheForAllThreads: false
08:53:22.508 [main] DEBUG i.n.buffer.PooledByteBufAllocator - -Dio.netty.allocator.maxCachedByteBuffersPerChunk: 1023
08:53:22.508 [main] DEBUG io.netty.buffer.ByteBufUtil - -Dio.netty.allocator.type: pooled
08:53:22.508 [main] DEBUG io.netty.buffer.ByteBufUtil - -Dio.netty.threadLocalDirectBufferSize: 0
08:53:22.508 [main] DEBUG io.netty.buffer.ByteBufUtil - -Dio.netty.maxThreadLocalCharBufferSize: 16384
08:53:22.751 [Forwarding newSession on session null to remote] DEBUG io.netty.channel.DefaultChannelId - -Dio.netty.processId: 17764 (auto-detected)
08:53:22.751 [Forwarding newSession on session null to remote] DEBUG io.netty.util.NetUtil - -Djava.net.preferIPv4Stack: false
08:53:22.751 [Forwarding newSession on session null to remote] DEBUG io.netty.util.NetUtil - -Djava.net.preferIPv6Addresses: false
08:53:22.798 [Forwarding newSession on session null to remote] DEBUG io.netty.util.NetUtilInitializations - Loopback interface: lo (Software Loopback Interface 1, 127.0.0.1)
08:53:22.798 [Forwarding newSession on session null to remote] DEBUG io.netty.util.NetUtil - Failed to get SOMAXCONN from sysctl and file \proc\sys\net\core\somaxconn. Default: 200
08:53:22.798 [Forwarding newSession on session null to remote] DEBUG io.netty.channel.DefaultChannelId - -Dio.netty.machineId: a8:a1:59:ff:fe:85:51:0f (auto-detected)
08:53:22.829 [AsyncHttpClient-1-2] DEBUG io.netty.buffer.AbstractByteBuf - -Dio.netty.buffer.checkAccessible: true
08:53:22.829 [AsyncHttpClient-1-2] DEBUG io.netty.buffer.AbstractByteBuf - -Dio.netty.buffer.checkBounds: true
08:53:22.829 [AsyncHttpClient-1-2] DEBUG i.n.util.ResourceLeakDetectorFactory - Loaded default ResourceLeakDetector: io.netty.util.ResourceLeakDetector@615bc640
08:53:22.845 [AsyncHttpClient-1-2] DEBUG o.a.n.channel.NettyConnectListener - Using new Channel '[id: 0x286049d1, L:/127.0.0.1:57149 - R:localhost/127.0.0.1:5098]' for 'POST' to '/session'
08:53:22.860 [AsyncHttpClient-1-2] DEBUG io.netty.util.Recycler - -Dio.netty.recycler.maxCapacityPerThread: 4096
08:53:22.860 [AsyncHttpClient-1-2] DEBUG io.netty.util.Recycler - -Dio.netty.recycler.ratio: 8
08:53:22.860 [AsyncHttpClient-1-2] DEBUG io.netty.util.Recycler - -Dio.netty.recycler.chunkSize: 32
08:53:22.860 [AsyncHttpClient-1-2] DEBUG io.netty.util.Recycler - -Dio.netty.recycler.blocking: false
08:53:22.860 [AsyncHttpClient-1-2] DEBUG io.netty.util.Recycler - -Dio.netty.recycler.batchFastThreadLocalOnly: true
08:53:23.503 [AsyncHttpClient-1-2] DEBUG i.n.handler.codec.compression.Brotli - brotli4j not in the classpath; Brotli support will be unavailable.
08:53:23.503 [AsyncHttpClient-1-2] DEBUG o.a.netty.handler.HttpHandler - 

Request DefaultHttpRequest(decodeResult: success, version: HTTP/1.1)
POST /session HTTP/1.1
User-Agent: selenium/4.10.0 (java windows)
Content-Length: 352
Content-Type: application/json; charset=utf-8
host: localhost:5098
accept: */*

Response DefaultHttpResponse(decodeResult: success, version: HTTP/1.1)
HTTP/1.1 200 OK
Content-Length: 860
Content-Type: application/json; charset=utf-8
cache-control: no-cache

08:53:23.503 [AsyncHttpClient-1-2] DEBUG o.a.netty.channel.ChannelManager - Adding key: http://localhost:5098 for channel [id: 0x286049d1, L:/127.0.0.1:57149 - R:localhost/127.0.0.1:5098]
08:53:23.534 [AsyncHttpClient-1-1] DEBUG o.a.netty.channel.DefaultChannelPool - Entry count for : http://localhost:5098 : 1
08:53:23.566 [AsyncHttpClient-1-3] DEBUG o.a.n.channel.NettyConnectListener - Using new Channel '[id: 0x748a0da2, L:/127.0.0.1:57156 - R:localhost/127.0.0.1:57150]' for 'GET' to '/json/version'
08:53:23.566 [AsyncHttpClient-1-3] DEBUG o.a.netty.handler.HttpHandler - 

Request DefaultFullHttpRequest(decodeResult: success, version: HTTP/1.1, content: EmptyByteBufBE)
GET /json/version HTTP/1.1
User-Agent: selenium/4.10.0 (java windows)
host: localhost:57150
accept: */*

Response DefaultHttpResponse(decodeResult: success, version: HTTP/1.1)
HTTP/1.1 200 OK
Content-Security-Policy: frame-ancestors 'none'
Content-Length: 424
Content-Type: application/json; charset=UTF-8

08:53:23.566 [AsyncHttpClient-1-3] DEBUG o.a.netty.channel.ChannelManager - Adding key: http://localhost:57150 for channel [id: 0x748a0da2, L:/127.0.0.1:57156 - R:localhost/127.0.0.1:57150]
08:53:23.581 [main] DEBUG i.n.util.internal.ThreadLocalRandom - -Dio.netty.initialSeedUniquifier: 0x6e098892c39822b0
08:53:23.581 [AsyncHttpClient-1-4] DEBUG o.a.n.channel.NettyConnectListener - Using new Channel '[id: 0xdaabdba3, L:/127.0.0.1:57157 - R:localhost/127.0.0.1:57150]' for 'GET' to '/devtools/browser/560eda27-ac6a-4863-bbe4-dcb7ff4d0784'
08:53:23.581 [AsyncHttpClient-1-4] DEBUG o.a.netty.handler.WebSocketHandler - 

Request DefaultFullHttpRequest(decodeResult: success, version: HTTP/1.1, content: EmptyByteBufBE)
GET /devtools/browser/560eda27-ac6a-4863-bbe4-dcb7ff4d0784 HTTP/1.1
upgrade: websocket
connection: upgrade
sec-websocket-key: MkD/oqMcZqXtbXmnKgnN+g==
sec-websocket-version: 13
origin: http://localhost:57150
host: localhost:57150
accept: */*
user-agent: AHC/2.1

Response DefaultHttpResponse(decodeResult: success, version: HTTP/1.1)
HTTP/1.1 101 WebSocket Protocol Handshake
Upgrade: WebSocket
Connection: Upgrade
Sec-WebSocket-Accept: MoyW7XL3xXfpME9GonHfvZTLpq0=

08:53:23.653 [Forwarding get on session d9cd4433e688e362d5638ce2c29e10c3 to remote] DEBUG o.a.netty.request.NettyRequestSender - Using pooled Channel '[id: 0x286049d1, L:/127.0.0.1:57149 - R:localhost/127.0.0.1:5098]' for 'POST' to 'http://localhost:5098/session/d9cd4433e688e362d5638ce2c29e10c3/url'
08:53:23.653 [Forwarding get on session d9cd4433e688e362d5638ce2c29e10c3 to remote] DEBUG o.a.netty.request.NettyRequestSender - Using open Channel [id: 0x286049d1, L:/127.0.0.1:57149 - R:localhost/127.0.0.1:5098] for POST '/session/d9cd4433e688e362d5638ce2c29e10c3/url'
08:53:24.635 [AsyncHttpClient-1-1] DEBUG o.a.netty.channel.DefaultChannelPool - Entry count for : http://localhost:57150 : 1
08:53:24.998 [AsyncHttpClient-1-2] DEBUG o.a.netty.handler.HttpHandler - 

Request DefaultHttpRequest(decodeResult: success, version: HTTP/1.1)
POST /session/d9cd4433e688e362d5638ce2c29e10c3/url HTTP/1.1
User-Agent: selenium/4.10.0 (java windows)
Content-Length: 72
Content-Type: application/json; charset=utf-8
host: localhost:5098
accept: */*

Response DefaultHttpResponse(decodeResult: success, version: HTTP/1.1)
HTTP/1.1 200 OK
Content-Length: 14
Content-Type: application/json; charset=utf-8
cache-control: no-cache

08:53:24.999 [AsyncHttpClient-1-2] DEBUG o.a.netty.channel.ChannelManager - Adding key: http://localhost:5098 for channel [id: 0x286049d1, L:/127.0.0.1:57149 - R:localhost/127.0.0.1:5098]
08:53:25.003 [Forwarding setTimeout on session d9cd4433e688e362d5638ce2c29e10c3 to remote] DEBUG o.a.netty.request.NettyRequestSender - Using pooled Channel '[id: 0x286049d1, L:/127.0.0.1:57149 - R:localhost/127.0.0.1:5098]' for 'POST' to 'http://localhost:5098/session/d9cd4433e688e362d5638ce2c29e10c3/timeouts'
08:53:25.004 [Forwarding setTimeout on session d9cd4433e688e362d5638ce2c29e10c3 to remote] DEBUG o.a.netty.request.NettyRequestSender - Using open Channel [id: 0x286049d1, L:/127.0.0.1:57149 - R:localhost/127.0.0.1:5098] for POST '/session/d9cd4433e688e362d5638ce2c29e10c3/timeouts'
08:53:25.006 [AsyncHttpClient-1-2] DEBUG o.a.netty.handler.HttpHandler - 

Request DefaultHttpRequest(decodeResult: success, version: HTTP/1.1)
POST /session/d9cd4433e688e362d5638ce2c29e10c3/timeouts HTTP/1.1
User-Agent: selenium/4.10.0 (java windows)
Content-Length: 22
Content-Type: application/json; charset=utf-8
host: localhost:5098
accept: */*

Response DefaultHttpResponse(decodeResult: success, version: HTTP/1.1)
HTTP/1.1 200 OK
Content-Length: 14
Content-Type: application/json; charset=utf-8
cache-control: no-cache

08:53:25.006 [AsyncHttpClient-1-2] DEBUG o.a.netty.channel.ChannelManager - Adding key: http://localhost:5098 for channel [id: 0x286049d1, L:/127.0.0.1:57149 - R:localhost/127.0.0.1:5098]
08:53:25.020 [Forwarding getAlertText on session d9cd4433e688e362d5638ce2c29e10c3 to remote] DEBUG o.a.netty.request.NettyRequestSender - Using pooled Channel '[id: 0x286049d1, L:/127.0.0.1:57149 - R:localhost/127.0.0.1:5098]' for 'GET' to 'http://localhost:5098/session/d9cd4433e688e362d5638ce2c29e10c3/alert/text'
08:53:25.020 [Forwarding getAlertText on session d9cd4433e688e362d5638ce2c29e10c3 to remote] DEBUG o.a.netty.request.NettyRequestSender - Using open Channel [id: 0x286049d1, L:/127.0.0.1:57149 - R:localhost/127.0.0.1:5098] for GET '/session/d9cd4433e688e362d5638ce2c29e10c3/alert/text'
08:53:25.035 [AsyncHttpClient-1-2] DEBUG o.a.netty.handler.HttpHandler - 

Request DefaultFullHttpRequest(decodeResult: success, version: HTTP/1.1, content: EmptyByteBufBE)
GET /session/d9cd4433e688e362d5638ce2c29e10c3/alert/text HTTP/1.1
User-Agent: selenium/4.10.0 (java windows)
Cache-Control: no-cache
Content-Type: application/json; charset=utf-8
host: localhost:5098
accept: */*

Response DefaultHttpResponse(decodeResult: success, version: HTTP/1.1)
HTTP/1.1 404 Not Found
Content-Length: 848
Content-Type: application/json; charset=utf-8
cache-control: no-cache

08:53:25.035 [AsyncHttpClient-1-2] DEBUG o.a.netty.channel.ChannelManager - Adding key: http://localhost:5098 for channel [id: 0x286049d1, L:/127.0.0.1:57149 - R:localhost/127.0.0.1:5098]
08:53:25.035 [Forwarding getCurrentUrl on session d9cd4433e688e362d5638ce2c29e10c3 to remote] DEBUG o.a.netty.request.NettyRequestSender - Using pooled Channel '[id: 0x286049d1, L:/127.0.0.1:57149 - R:localhost/127.0.0.1:5098]' for 'GET' to 'http://localhost:5098/session/d9cd4433e688e362d5638ce2c29e10c3/url'
08:53:25.035 [Forwarding getCurrentUrl on session d9cd4433e688e362d5638ce2c29e10c3 to remote] DEBUG o.a.netty.request.NettyRequestSender - Using open Channel [id: 0x286049d1, L:/127.0.0.1:57149 - R:localhost/127.0.0.1:5098] for GET '/session/d9cd4433e688e362d5638ce2c29e10c3/url'
08:53:25.035 [AsyncHttpClient-1-2] DEBUG o.a.netty.handler.HttpHandler - 

Request DefaultFullHttpRequest(decodeResult: success, version: HTTP/1.1, content: EmptyByteBufBE)
GET /session/d9cd4433e688e362d5638ce2c29e10c3/url HTTP/1.1
User-Agent: selenium/4.10.0 (java windows)
Cache-Control: no-cache
Content-Type: application/json; charset=utf-8
host: localhost:5098
accept: */*

Response DefaultHttpResponse(decodeResult: success, version: HTTP/1.1)
HTTP/1.1 200 OK
Content-Length: 72
Content-Type: application/json; charset=utf-8
cache-control: no-cache

08:53:25.035 [AsyncHttpClient-1-2] DEBUG o.a.netty.channel.ChannelManager - Adding key: http://localhost:5098 for channel [id: 0x286049d1, L:/127.0.0.1:57149 - R:localhost/127.0.0.1:5098]
08:53:25.051 [Forwarding screenshot on session d9cd4433e688e362d5638ce2c29e10c3 to remote] DEBUG o.a.netty.request.NettyRequestSender - Using pooled Channel '[id: 0x286049d1, L:/127.0.0.1:57149 - R:localhost/127.0.0.1:5098]' for 'GET' to 'http://localhost:5098/session/d9cd4433e688e362d5638ce2c29e10c3/screenshot'
08:53:25.051 [Forwarding screenshot on session d9cd4433e688e362d5638ce2c29e10c3 to remote] DEBUG o.a.netty.request.NettyRequestSender - Using open Channel [id: 0x286049d1, L:/127.0.0.1:57149 - R:localhost/127.0.0.1:5098] for GET '/session/d9cd4433e688e362d5638ce2c29e10c3/screenshot'
08:53:25.203 [AsyncHttpClient-1-2] DEBUG o.a.netty.handler.HttpHandler - 

Request DefaultFullHttpRequest(decodeResult: success, version: HTTP/1.1, content: EmptyByteBufBE)
GET /session/d9cd4433e688e362d5638ce2c29e10c3/screenshot HTTP/1.1
User-Agent: selenium/4.10.0 (java windows)
Cache-Control: no-cache
Content-Type: application/json; charset=utf-8
host: localhost:5098
accept: */*

Response DefaultHttpResponse(decodeResult: success, version: HTTP/1.1)
HTTP/1.1 200 OK
Content-Length: 35404
Content-Type: application/json; charset=utf-8
cache-control: no-cache

08:53:25.204 [AsyncHttpClient-1-2] DEBUG o.a.netty.channel.ChannelManager - Adding key: http://localhost:5098 for channel [id: 0x286049d1, L:/127.0.0.1:57149 - R:localhost/127.0.0.1:5098]
08:53:25.316 [Forwarding getAlertText on session d9cd4433e688e362d5638ce2c29e10c3 to remote] DEBUG o.a.netty.request.NettyRequestSender - Using pooled Channel '[id: 0x286049d1, L:/127.0.0.1:57149 - R:localhost/127.0.0.1:5098]' for 'GET' to 'http://localhost:5098/session/d9cd4433e688e362d5638ce2c29e10c3/alert/text'
08:53:25.316 [Forwarding getAlertText on session d9cd4433e688e362d5638ce2c29e10c3 to remote] DEBUG o.a.netty.request.NettyRequestSender - Using open Channel [id: 0x286049d1, L:/127.0.0.1:57149 - R:localhost/127.0.0.1:5098] for GET '/session/d9cd4433e688e362d5638ce2c29e10c3/alert/text'
08:53:25.735 [AsyncHttpClient-1-1] DEBUG o.a.netty.channel.DefaultChannelPool - Entry count for : http://localhost:57150 : 1
08:53:26.836 [AsyncHttpClient-1-1] DEBUG o.a.netty.channel.DefaultChannelPool - Entry count for : http://localhost:57150 : 1
08:53:27.223 [AsyncHttpClient-1-2] DEBUG o.a.netty.handler.HttpHandler - 

Request DefaultFullHttpRequest(decodeResult: success, version: HTTP/1.1, content: EmptyByteBufBE)
GET /session/d9cd4433e688e362d5638ce2c29e10c3/alert/text HTTP/1.1
User-Agent: selenium/4.10.0 (java windows)
Cache-Control: no-cache
Content-Type: application/json; charset=utf-8
host: localhost:5098
accept: */*

Response DefaultHttpResponse(decodeResult: success, version: HTTP/1.1)
HTTP/1.1 404 Not Found
Content-Length: 848
Content-Type: application/json; charset=utf-8
cache-control: no-cache

08:53:27.224 [AsyncHttpClient-1-2] DEBUG o.a.netty.channel.ChannelManager - Adding key: http://localhost:5098 for channel [id: 0x286049d1, L:/127.0.0.1:57149 - R:localhost/127.0.0.1:5098]
08:53:27.226 [Forwarding getCurrentUrl on session d9cd4433e688e362d5638ce2c29e10c3 to remote] DEBUG o.a.netty.request.NettyRequestSender - Using pooled Channel '[id: 0x286049d1, L:/127.0.0.1:57149 - R:localhost/127.0.0.1:5098]' for 'GET' to 'http://localhost:5098/session/d9cd4433e688e362d5638ce2c29e10c3/url'
08:53:27.227 [Forwarding getCurrentUrl on session d9cd4433e688e362d5638ce2c29e10c3 to remote] DEBUG o.a.netty.request.NettyRequestSender - Using open Channel [id: 0x286049d1, L:/127.0.0.1:57149 - R:localhost/127.0.0.1:5098] for GET '/session/d9cd4433e688e362d5638ce2c29e10c3/url'
08:53:27.232 [AsyncHttpClient-1-2] DEBUG o.a.netty.handler.HttpHandler - 

Request DefaultFullHttpRequest(decodeResult: success, version: HTTP/1.1, content: EmptyByteBufBE)
GET /session/d9cd4433e688e362d5638ce2c29e10c3/url HTTP/1.1
User-Agent: selenium/4.10.0 (java windows)
Cache-Control: no-cache
Content-Type: application/json; charset=utf-8
host: localhost:5098
accept: */*

Response DefaultHttpResponse(decodeResult: success, version: HTTP/1.1)
HTTP/1.1 200 OK
Content-Length: 603
Content-Type: application/json; charset=utf-8
cache-control: no-cache

08:53:27.233 [AsyncHttpClient-1-2] DEBUG o.a.netty.channel.ChannelManager - Adding key: http://localhost:5098 for channel [id: 0x286049d1, L:/127.0.0.1:57149 - R:localhost/127.0.0.1:5098]
08:53:27.234 [Forwarding screenshot on session d9cd4433e688e362d5638ce2c29e10c3 to remote] DEBUG o.a.netty.request.NettyRequestSender - Using pooled Channel '[id: 0x286049d1, L:/127.0.0.1:57149 - R:localhost/127.0.0.1:5098]' for 'GET' to 'http://localhost:5098/session/d9cd4433e688e362d5638ce2c29e10c3/screenshot'
08:53:27.234 [Forwarding screenshot on session d9cd4433e688e362d5638ce2c29e10c3 to remote] DEBUG o.a.netty.request.NettyRequestSender - Using open Channel [id: 0x286049d1, L:/127.0.0.1:57149 - R:localhost/127.0.0.1:5098] for GET '/session/d9cd4433e688e362d5638ce2c29e10c3/screenshot'
08:53:27.353 [AsyncHttpClient-1-2] DEBUG o.a.netty.handler.HttpHandler - 

Request DefaultFullHttpRequest(decodeResult: success, version: HTTP/1.1, content: EmptyByteBufBE)
GET /session/d9cd4433e688e362d5638ce2c29e10c3/screenshot HTTP/1.1
User-Agent: selenium/4.10.0 (java windows)
Cache-Control: no-cache
Content-Type: application/json; charset=utf-8
host: localhost:5098
accept: */*

Response DefaultHttpResponse(decodeResult: success, version: HTTP/1.1)
HTTP/1.1 200 OK
Content-Length: 47784
Content-Type: application/json; charset=utf-8
cache-control: no-cache

08:53:27.353 [AsyncHttpClient-1-2] DEBUG o.a.netty.channel.ChannelManager - Adding key: http://localhost:5098 for channel [id: 0x286049d1, L:/127.0.0.1:57149 - R:localhost/127.0.0.1:5098]
08:53:27.368 [Forwarding getPageSource on session d9cd4433e688e362d5638ce2c29e10c3 to remote] DEBUG o.a.netty.request.NettyRequestSender - Using pooled Channel '[id: 0x286049d1, L:/127.0.0.1:57149 - R:localhost/127.0.0.1:5098]' for 'POST' to 'http://localhost:5098/session/d9cd4433e688e362d5638ce2c29e10c3/execute/sync'
08:53:27.368 [Forwarding getPageSource on session d9cd4433e688e362d5638ce2c29e10c3 to remote] DEBUG o.a.netty.request.NettyRequestSender - Using open Channel [id: 0x286049d1, L:/127.0.0.1:57149 - R:localhost/127.0.0.1:5098] for POST '/session/d9cd4433e688e362d5638ce2c29e10c3/execute/sync'
08:53:27.368 [AsyncHttpClient-1-2] DEBUG o.a.netty.handler.HttpHandler - 

Request DefaultHttpRequest(decodeResult: success, version: HTTP/1.1)
POST /session/d9cd4433e688e362d5638ce2c29e10c3/execute/sync HTTP/1.1
User-Agent: selenium/4.10.0 (java windows)
Content-Length: 176
Content-Type: application/json; charset=utf-8
host: localhost:5098
accept: */*

Response DefaultHttpResponse(decodeResult: success, version: HTTP/1.1)
HTTP/1.1 200 OK
Content-Length: 10173
Content-Type: application/json; charset=utf-8
cache-control: no-cache

08:53:27.368 [AsyncHttpClient-1-2] DEBUG o.a.netty.channel.ChannelManager - Adding key: http://localhost:5098 for channel [id: 0x286049d1, L:/127.0.0.1:57149 - R:localhost/127.0.0.1:5098]
08:53:27.438 [Forwarding getCurrentUrl on session d9cd4433e688e362d5638ce2c29e10c3 to remote] DEBUG o.a.netty.request.NettyRequestSender - Using pooled Channel '[id: 0x286049d1, L:/127.0.0.1:57149 - R:localhost/127.0.0.1:5098]' for 'GET' to 'http://localhost:5098/session/d9cd4433e688e362d5638ce2c29e10c3/url'
08:53:27.438 [Forwarding getCurrentUrl on session d9cd4433e688e362d5638ce2c29e10c3 to remote] DEBUG o.a.netty.request.NettyRequestSender - Using open Channel [id: 0x286049d1, L:/127.0.0.1:57149 - R:localhost/127.0.0.1:5098] for GET '/session/d9cd4433e688e362d5638ce2c29e10c3/url'
08:53:27.442 [AsyncHttpClient-1-2] DEBUG o.a.netty.handler.HttpHandler - 

Request DefaultFullHttpRequest(decodeResult: success, version: HTTP/1.1, content: EmptyByteBufBE)
GET /session/d9cd4433e688e362d5638ce2c29e10c3/url HTTP/1.1
User-Agent: selenium/4.10.0 (java windows)
Cache-Control: no-cache
Content-Type: application/json; charset=utf-8
host: localhost:5098
accept: */*

Response DefaultHttpResponse(decodeResult: success, version: HTTP/1.1)
HTTP/1.1 200 OK
Content-Length: 603
Content-Type: application/json; charset=utf-8
cache-control: no-cache

08:53:27.442 [AsyncHttpClient-1-2] DEBUG o.a.netty.channel.ChannelManager - Adding key: http://localhost:5098 for channel [id: 0x286049d1, L:/127.0.0.1:57149 - R:localhost/127.0.0.1:5098]
08:53:27.454 [Forwarding findElement on session d9cd4433e688e362d5638ce2c29e10c3 to remote] DEBUG o.a.netty.request.NettyRequestSender - Using pooled Channel '[id: 0x286049d1, L:/127.0.0.1:57149 - R:localhost/127.0.0.1:5098]' for 'POST' to 'http://localhost:5098/session/d9cd4433e688e362d5638ce2c29e10c3/element'
08:53:27.454 [Forwarding findElement on session d9cd4433e688e362d5638ce2c29e10c3 to remote] DEBUG o.a.netty.request.NettyRequestSender - Using open Channel [id: 0x286049d1, L:/127.0.0.1:57149 - R:localhost/127.0.0.1:5098] for POST '/session/d9cd4433e688e362d5638ce2c29e10c3/element'
08:53:27.466 [AsyncHttpClient-1-2] DEBUG o.a.netty.handler.HttpHandler - 

Request DefaultHttpRequest(decodeResult: success, version: HTTP/1.1)
POST /session/d9cd4433e688e362d5638ce2c29e10c3/element HTTP/1.1
User-Agent: selenium/4.10.0 (java windows)
Content-Length: 69
Content-Type: application/json; charset=utf-8
host: localhost:5098
accept: */*

Response DefaultHttpResponse(decodeResult: success, version: HTTP/1.1)
HTTP/1.1 200 OK
Content-Length: 95
Content-Type: application/json; charset=utf-8
cache-control: no-cache

08:53:27.467 [AsyncHttpClient-1-2] DEBUG o.a.netty.channel.ChannelManager - Adding key: http://localhost:5098 for channel [id: 0x286049d1, L:/127.0.0.1:57149 - R:localhost/127.0.0.1:5098]
08:53:27.473 [Forwarding isElementDisplayed on session d9cd4433e688e362d5638ce2c29e10c3 to remote] DEBUG o.a.netty.request.NettyRequestSender - Using pooled Channel '[id: 0x286049d1, L:/127.0.0.1:57149 - R:localhost/127.0.0.1:5098]' for 'POST' to 'http://localhost:5098/session/d9cd4433e688e362d5638ce2c29e10c3/execute/sync'
08:53:27.473 [Forwarding isElementDisplayed on session d9cd4433e688e362d5638ce2c29e10c3 to remote] DEBUG o.a.netty.request.NettyRequestSender - Using open Channel [id: 0x286049d1, L:/127.0.0.1:57149 - R:localhost/127.0.0.1:5098] for POST '/session/d9cd4433e688e362d5638ce2c29e10c3/execute/sync'
08:53:27.484 [AsyncHttpClient-1-2] DEBUG o.a.netty.handler.HttpHandler - 

Request DefaultHttpRequest(decodeResult: success, version: HTTP/1.1)
POST /session/d9cd4433e688e362d5638ce2c29e10c3/execute/sync HTTP/1.1
User-Agent: selenium/4.10.0 (java windows)
Content-Length: 48814
Content-Type: application/json; charset=utf-8
host: localhost:5098
accept: */*

Response DefaultHttpResponse(decodeResult: success, version: HTTP/1.1)
HTTP/1.1 200 OK
Content-Length: 14
Content-Type: application/json; charset=utf-8
cache-control: no-cache

08:53:27.484 [AsyncHttpClient-1-2] DEBUG o.a.netty.channel.ChannelManager - Adding key: http://localhost:5098 for channel [id: 0x286049d1, L:/127.0.0.1:57149 - R:localhost/127.0.0.1:5098]
08:53:27.533 [Forwarding getAlertText on session d9cd4433e688e362d5638ce2c29e10c3 to remote] DEBUG o.a.netty.request.NettyRequestSender - Using pooled Channel '[id: 0x286049d1, L:/127.0.0.1:57149 - R:localhost/127.0.0.1:5098]' for 'GET' to 'http://localhost:5098/session/d9cd4433e688e362d5638ce2c29e10c3/alert/text'
08:53:27.533 [Forwarding getAlertText on session d9cd4433e688e362d5638ce2c29e10c3 to remote] DEBUG o.a.netty.request.NettyRequestSender - Using open Channel [id: 0x286049d1, L:/127.0.0.1:57149 - R:localhost/127.0.0.1:5098] for GET '/session/d9cd4433e688e362d5638ce2c29e10c3/alert/text'
08:53:27.535 [AsyncHttpClient-1-2] DEBUG o.a.netty.handler.HttpHandler - 

Request DefaultFullHttpRequest(decodeResult: success, version: HTTP/1.1, content: EmptyByteBufBE)
GET /session/d9cd4433e688e362d5638ce2c29e10c3/alert/text HTTP/1.1
User-Agent: selenium/4.10.0 (java windows)
Cache-Control: no-cache
Content-Type: application/json; charset=utf-8
host: localhost:5098
accept: */*

Response DefaultHttpResponse(decodeResult: success, version: HTTP/1.1)
HTTP/1.1 404 Not Found
Content-Length: 848
Content-Type: application/json; charset=utf-8
cache-control: no-cache

08:53:27.535 [AsyncHttpClient-1-2] DEBUG o.a.netty.channel.ChannelManager - Adding key: http://localhost:5098 for channel [id: 0x286049d1, L:/127.0.0.1:57149 - R:localhost/127.0.0.1:5098]
08:53:27.537 [Forwarding getCurrentUrl on session d9cd4433e688e362d5638ce2c29e10c3 to remote] DEBUG o.a.netty.request.NettyRequestSender - Using pooled Channel '[id: 0x286049d1, L:/127.0.0.1:57149 - R:localhost/127.0.0.1:5098]' for 'GET' to 'http://localhost:5098/session/d9cd4433e688e362d5638ce2c29e10c3/url'
08:53:27.537 [Forwarding getCurrentUrl on session d9cd4433e688e362d5638ce2c29e10c3 to remote] DEBUG o.a.netty.request.NettyRequestSender - Using open Channel [id: 0x286049d1, L:/127.0.0.1:57149 - R:localhost/127.0.0.1:5098] for GET '/session/d9cd4433e688e362d5638ce2c29e10c3/url'
08:53:27.540 [AsyncHttpClient-1-2] DEBUG o.a.netty.handler.HttpHandler - 

Request DefaultFullHttpRequest(decodeResult: success, version: HTTP/1.1, content: EmptyByteBufBE)
GET /session/d9cd4433e688e362d5638ce2c29e10c3/url HTTP/1.1
User-Agent: selenium/4.10.0 (java windows)
Cache-Control: no-cache
Content-Type: application/json; charset=utf-8
host: localhost:5098
accept: */*

Response DefaultHttpResponse(decodeResult: success, version: HTTP/1.1)
HTTP/1.1 200 OK
Content-Length: 603
Content-Type: application/json; charset=utf-8
cache-control: no-cache

08:53:27.541 [AsyncHttpClient-1-2] DEBUG o.a.netty.channel.ChannelManager - Adding key: http://localhost:5098 for channel [id: 0x286049d1, L:/127.0.0.1:57149 - R:localhost/127.0.0.1:5098]
08:53:27.542 [Forwarding screenshot on session d9cd4433e688e362d5638ce2c29e10c3 to remote] DEBUG o.a.netty.request.NettyRequestSender - Using pooled Channel '[id: 0x286049d1, L:/127.0.0.1:57149 - R:localhost/127.0.0.1:5098]' for 'GET' to 'http://localhost:5098/session/d9cd4433e688e362d5638ce2c29e10c3/screenshot'
08:53:27.542 [Forwarding screenshot on session d9cd4433e688e362d5638ce2c29e10c3 to remote] DEBUG o.a.netty.request.NettyRequestSender - Using open Channel [id: 0x286049d1, L:/127.0.0.1:57149 - R:localhost/127.0.0.1:5098] for GET '/session/d9cd4433e688e362d5638ce2c29e10c3/screenshot'
08:53:27.663 [AsyncHttpClient-1-2] DEBUG o.a.netty.handler.HttpHandler - 

Request DefaultFullHttpRequest(decodeResult: success, version: HTTP/1.1, content: EmptyByteBufBE)
GET /session/d9cd4433e688e362d5638ce2c29e10c3/screenshot HTTP/1.1
User-Agent: selenium/4.10.0 (java windows)
Cache-Control: no-cache
Content-Type: application/json; charset=utf-8
host: localhost:5098
accept: */*

Response DefaultHttpResponse(decodeResult: success, version: HTTP/1.1)
HTTP/1.1 200 OK
Content-Length: 47784
Content-Type: application/json; charset=utf-8
cache-control: no-cache

08:53:27.663 [AsyncHttpClient-1-2] DEBUG o.a.netty.channel.ChannelManager - Adding key: http://localhost:5098 for channel [id: 0x286049d1, L:/127.0.0.1:57149 - R:localhost/127.0.0.1:5098]
08:53:27.674 [Forwarding getPageSource on session d9cd4433e688e362d5638ce2c29e10c3 to remote] DEBUG o.a.netty.request.NettyRequestSender - Using pooled Channel '[id: 0x286049d1, L:/127.0.0.1:57149 - R:localhost/127.0.0.1:5098]' for 'POST' to 'http://localhost:5098/session/d9cd4433e688e362d5638ce2c29e10c3/execute/sync'
08:53:27.674 [Forwarding getPageSource on session d9cd4433e688e362d5638ce2c29e10c3 to remote] DEBUG o.a.netty.request.NettyRequestSender - Using open Channel [id: 0x286049d1, L:/127.0.0.1:57149 - R:localhost/127.0.0.1:5098] for POST '/session/d9cd4433e688e362d5638ce2c29e10c3/execute/sync'
08:53:27.679 [AsyncHttpClient-1-2] DEBUG o.a.netty.handler.HttpHandler - 

Request DefaultHttpRequest(decodeResult: success, version: HTTP/1.1)
POST /session/d9cd4433e688e362d5638ce2c29e10c3/execute/sync HTTP/1.1
User-Agent: selenium/4.10.0 (java windows)
Content-Length: 176
Content-Type: application/json; charset=utf-8
host: localhost:5098
accept: */*

Response DefaultHttpResponse(decodeResult: success, version: HTTP/1.1)
HTTP/1.1 200 OK
Content-Length: 10173
Content-Type: application/json; charset=utf-8
cache-control: no-cache

08:53:27.679 [AsyncHttpClient-1-2] DEBUG o.a.netty.channel.ChannelManager - Adding key: http://localhost:5098 for channel [id: 0x286049d1, L:/127.0.0.1:57149 - R:localhost/127.0.0.1:5098]
08:53:27.683 [Forwarding getCurrentUrl on session d9cd4433e688e362d5638ce2c29e10c3 to remote] DEBUG o.a.netty.request.NettyRequestSender - Using pooled Channel '[id: 0x286049d1, L:/127.0.0.1:57149 - R:localhost/127.0.0.1:5098]' for 'GET' to 'http://localhost:5098/session/d9cd4433e688e362d5638ce2c29e10c3/url'
08:53:27.683 [Forwarding getCurrentUrl on session d9cd4433e688e362d5638ce2c29e10c3 to remote] DEBUG o.a.netty.request.NettyRequestSender - Using open Channel [id: 0x286049d1, L:/127.0.0.1:57149 - R:localhost/127.0.0.1:5098] for GET '/session/d9cd4433e688e362d5638ce2c29e10c3/url'
08:53:27.686 [AsyncHttpClient-1-2] DEBUG o.a.netty.handler.HttpHandler - 

Request DefaultFullHttpRequest(decodeResult: success, version: HTTP/1.1, content: EmptyByteBufBE)
GET /session/d9cd4433e688e362d5638ce2c29e10c3/url HTTP/1.1
User-Agent: selenium/4.10.0 (java windows)
Cache-Control: no-cache
Content-Type: application/json; charset=utf-8
host: localhost:5098
accept: */*

Response DefaultHttpResponse(decodeResult: success, version: HTTP/1.1)
HTTP/1.1 200 OK
Content-Length: 603
Content-Type: application/json; charset=utf-8
cache-control: no-cache

08:53:27.686 [AsyncHttpClient-1-2] DEBUG o.a.netty.channel.ChannelManager - Adding key: http://localhost:5098 for channel [id: 0x286049d1, L:/127.0.0.1:57149 - R:localhost/127.0.0.1:5098]
08:53:27.691 [Forwarding findElement on session d9cd4433e688e362d5638ce2c29e10c3 to remote] DEBUG o.a.netty.request.NettyRequestSender - Using pooled Channel '[id: 0x286049d1, L:/127.0.0.1:57149 - R:localhost/127.0.0.1:5098]' for 'POST' to 'http://localhost:5098/session/d9cd4433e688e362d5638ce2c29e10c3/element'
08:53:27.691 [Forwarding findElement on session d9cd4433e688e362d5638ce2c29e10c3 to remote] DEBUG o.a.netty.request.NettyRequestSender - Using open Channel [id: 0x286049d1, L:/127.0.0.1:57149 - R:localhost/127.0.0.1:5098] for POST '/session/d9cd4433e688e362d5638ce2c29e10c3/element'
08:53:27.699 [AsyncHttpClient-1-2] DEBUG o.a.netty.handler.HttpHandler - 

Request DefaultHttpRequest(decodeResult: success, version: HTTP/1.1)
POST /session/d9cd4433e688e362d5638ce2c29e10c3/element HTTP/1.1
User-Agent: selenium/4.10.0 (java windows)
Content-Length: 55
Content-Type: application/json; charset=utf-8
host: localhost:5098
accept: */*

Response DefaultHttpResponse(decodeResult: success, version: HTTP/1.1)
HTTP/1.1 200 OK
Content-Length: 95
Content-Type: application/json; charset=utf-8
cache-control: no-cache

08:53:27.699 [AsyncHttpClient-1-2] DEBUG o.a.netty.channel.ChannelManager - Adding key: http://localhost:5098 for channel [id: 0x286049d1, L:/127.0.0.1:57149 - R:localhost/127.0.0.1:5098]
08:53:27.702 [Forwarding sendKeysToElement on session d9cd4433e688e362d5638ce2c29e10c3 to remote] DEBUG o.a.netty.request.NettyRequestSender - Using pooled Channel '[id: 0x286049d1, L:/127.0.0.1:57149 - R:localhost/127.0.0.1:5098]' for 'POST' to 'http://localhost:5098/session/d9cd4433e688e362d5638ce2c29e10c3/element/F642C9C51CE2BD3C219ADE51534EBDEF_element_24/value'
08:53:27.702 [Forwarding sendKeysToElement on session d9cd4433e688e362d5638ce2c29e10c3 to remote] DEBUG o.a.netty.request.NettyRequestSender - Using open Channel [id: 0x286049d1, L:/127.0.0.1:57149 - R:localhost/127.0.0.1:5098] for POST '/session/d9cd4433e688e362d5638ce2c29e10c3/element/F642C9C51CE2BD3C219ADE51534EBDEF_element_24/value'
08:53:27.775 [AsyncHttpClient-1-2] DEBUG o.a.netty.handler.HttpHandler - 

Request DefaultHttpRequest(decodeResult: success, version: HTTP/1.1)
POST /session/d9cd4433e688e362d5638ce2c29e10c3/element/F642C9C51CE2BD3C219ADE51534EBDEF_element_24/value HTTP/1.1
User-Agent: selenium/4.10.0 (java windows)
Content-Length: 258
Content-Type: application/json; charset=utf-8
host: localhost:5098
accept: */*

Response DefaultHttpResponse(decodeResult: success, version: HTTP/1.1)
HTTP/1.1 200 OK
Content-Length: 14
Content-Type: application/json; charset=utf-8
cache-control: no-cache

08:53:27.775 [AsyncHttpClient-1-2] DEBUG o.a.netty.channel.ChannelManager - Adding key: http://localhost:5098 for channel [id: 0x286049d1, L:/127.0.0.1:57149 - R:localhost/127.0.0.1:5098]
08:53:27.775 [Forwarding findElement on session d9cd4433e688e362d5638ce2c29e10c3 to remote] DEBUG o.a.netty.request.NettyRequestSender - Using pooled Channel '[id: 0x286049d1, L:/127.0.0.1:57149 - R:localhost/127.0.0.1:5098]' for 'POST' to 'http://localhost:5098/session/d9cd4433e688e362d5638ce2c29e10c3/element'
08:53:27.775 [Forwarding findElement on session d9cd4433e688e362d5638ce2c29e10c3 to remote] DEBUG o.a.netty.request.NettyRequestSender - Using open Channel [id: 0x286049d1, L:/127.0.0.1:57149 - R:localhost/127.0.0.1:5098] for POST '/session/d9cd4433e688e362d5638ce2c29e10c3/element'
08:53:27.775 [AsyncHttpClient-1-2] DEBUG o.a.netty.handler.HttpHandler - 

Request DefaultHttpRequest(decodeResult: success, version: HTTP/1.1)
POST /session/d9cd4433e688e362d5638ce2c29e10c3/element HTTP/1.1
User-Agent: selenium/4.10.0 (java windows)
Content-Length: 53
Content-Type: application/json; charset=utf-8
host: localhost:5098
accept: */*

Response DefaultHttpResponse(decodeResult: success, version: HTTP/1.1)
HTTP/1.1 200 OK
Content-Length: 95
Content-Type: application/json; charset=utf-8
cache-control: no-cache

08:53:27.775 [AsyncHttpClient-1-2] DEBUG o.a.netty.channel.ChannelManager - Adding key: http://localhost:5098 for channel [id: 0x286049d1, L:/127.0.0.1:57149 - R:localhost/127.0.0.1:5098]
08:53:27.788 [Forwarding sendKeysToElement on session d9cd4433e688e362d5638ce2c29e10c3 to remote] DEBUG o.a.netty.request.NettyRequestSender - Using pooled Channel '[id: 0x286049d1, L:/127.0.0.1:57149 - R:localhost/127.0.0.1:5098]' for 'POST' to 'http://localhost:5098/session/d9cd4433e688e362d5638ce2c29e10c3/element/F642C9C51CE2BD3C219ADE51534EBDEF_element_26/value'
08:53:27.788 [Forwarding sendKeysToElement on session d9cd4433e688e362d5638ce2c29e10c3 to remote] DEBUG o.a.netty.request.NettyRequestSender - Using open Channel [id: 0x286049d1, L:/127.0.0.1:57149 - R:localhost/127.0.0.1:5098] for POST '/session/d9cd4433e688e362d5638ce2c29e10c3/element/F642C9C51CE2BD3C219ADE51534EBDEF_element_26/value'
08:53:27.822 [AsyncHttpClient-1-2] DEBUG o.a.netty.handler.HttpHandler - 

Request DefaultHttpRequest(decodeResult: success, version: HTTP/1.1)
POST /session/d9cd4433e688e362d5638ce2c29e10c3/element/F642C9C51CE2BD3C219ADE51534EBDEF_element_26/value HTTP/1.1
User-Agent: selenium/4.10.0 (java windows)
Content-Length: 148
Content-Type: application/json; charset=utf-8
host: localhost:5098
accept: */*

Response DefaultHttpResponse(decodeResult: success, version: HTTP/1.1)
HTTP/1.1 200 OK
Content-Length: 14
Content-Type: application/json; charset=utf-8
cache-control: no-cache

08:53:27.822 [AsyncHttpClient-1-2] DEBUG o.a.netty.channel.ChannelManager - Adding key: http://localhost:5098 for channel [id: 0x286049d1, L:/127.0.0.1:57149 - R:localhost/127.0.0.1:5098]
08:53:27.822 [Forwarding getAlertText on session d9cd4433e688e362d5638ce2c29e10c3 to remote] DEBUG o.a.netty.request.NettyRequestSender - Using pooled Channel '[id: 0x286049d1, L:/127.0.0.1:57149 - R:localhost/127.0.0.1:5098]' for 'GET' to 'http://localhost:5098/session/d9cd4433e688e362d5638ce2c29e10c3/alert/text'
08:53:27.822 [Forwarding getAlertText on session d9cd4433e688e362d5638ce2c29e10c3 to remote] DEBUG o.a.netty.request.NettyRequestSender - Using open Channel [id: 0x286049d1, L:/127.0.0.1:57149 - R:localhost/127.0.0.1:5098] for GET '/session/d9cd4433e688e362d5638ce2c29e10c3/alert/text'
08:53:27.822 [AsyncHttpClient-1-2] DEBUG o.a.netty.handler.HttpHandler - 

Request DefaultFullHttpRequest(decodeResult: success, version: HTTP/1.1, content: EmptyByteBufBE)
GET /session/d9cd4433e688e362d5638ce2c29e10c3/alert/text HTTP/1.1
User-Agent: selenium/4.10.0 (java windows)
Cache-Control: no-cache
Content-Type: application/json; charset=utf-8
host: localhost:5098
accept: */*

Response DefaultHttpResponse(decodeResult: success, version: HTTP/1.1)
HTTP/1.1 404 Not Found
Content-Length: 848
Content-Type: application/json; charset=utf-8
cache-control: no-cache

08:53:27.822 [AsyncHttpClient-1-2] DEBUG o.a.netty.channel.ChannelManager - Adding key: http://localhost:5098 for channel [id: 0x286049d1, L:/127.0.0.1:57149 - R:localhost/127.0.0.1:5098]
08:53:27.937 [AsyncHttpClient-1-1] DEBUG o.a.netty.channel.DefaultChannelPool - Entry count for : http://localhost:57150 : 1
08:53:27.937 [AsyncHttpClient-1-1] DEBUG o.a.netty.channel.DefaultChannelPool - Entry count for : http://localhost:5098 : 1
08:53:28.330 [Forwarding getAlertText on session d9cd4433e688e362d5638ce2c29e10c3 to remote] DEBUG o.a.netty.request.NettyRequestSender - Using pooled Channel '[id: 0x286049d1, L:/127.0.0.1:57149 - R:localhost/127.0.0.1:5098]' for 'GET' to 'http://localhost:5098/session/d9cd4433e688e362d5638ce2c29e10c3/alert/text'
08:53:28.331 [Forwarding getAlertText on session d9cd4433e688e362d5638ce2c29e10c3 to remote] DEBUG o.a.netty.request.NettyRequestSender - Using open Channel [id: 0x286049d1, L:/127.0.0.1:57149 - R:localhost/127.0.0.1:5098] for GET '/session/d9cd4433e688e362d5638ce2c29e10c3/alert/text'
08:53:28.332 [AsyncHttpClient-1-2] DEBUG o.a.netty.handler.HttpHandler - 

Request DefaultFullHttpRequest(decodeResult: success, version: HTTP/1.1, content: EmptyByteBufBE)
GET /session/d9cd4433e688e362d5638ce2c29e10c3/alert/text HTTP/1.1
User-Agent: selenium/4.10.0 (java windows)
Cache-Control: no-cache
Content-Type: application/json; charset=utf-8
host: localhost:5098
accept: */*

Response DefaultHttpResponse(decodeResult: success, version: HTTP/1.1)
HTTP/1.1 404 Not Found
Content-Length: 848
Content-Type: application/json; charset=utf-8
cache-control: no-cache

08:53:28.333 [AsyncHttpClient-1-2] DEBUG o.a.netty.channel.ChannelManager - Adding key: http://localhost:5098 for channel [id: 0x286049d1, L:/127.0.0.1:57149 - R:localhost/127.0.0.1:5098]
08:53:28.334 [Forwarding getCurrentUrl on session d9cd4433e688e362d5638ce2c29e10c3 to remote] DEBUG o.a.netty.request.NettyRequestSender - Using pooled Channel '[id: 0x286049d1, L:/127.0.0.1:57149 - R:localhost/127.0.0.1:5098]' for 'GET' to 'http://localhost:5098/session/d9cd4433e688e362d5638ce2c29e10c3/url'
08:53:28.334 [Forwarding getCurrentUrl on session d9cd4433e688e362d5638ce2c29e10c3 to remote] DEBUG o.a.netty.request.NettyRequestSender - Using open Channel [id: 0x286049d1, L:/127.0.0.1:57149 - R:localhost/127.0.0.1:5098] for GET '/session/d9cd4433e688e362d5638ce2c29e10c3/url'
08:53:28.336 [AsyncHttpClient-1-2] DEBUG o.a.netty.handler.HttpHandler - 

Request DefaultFullHttpRequest(decodeResult: success, version: HTTP/1.1, content: EmptyByteBufBE)
GET /session/d9cd4433e688e362d5638ce2c29e10c3/url HTTP/1.1
User-Agent: selenium/4.10.0 (java windows)
Cache-Control: no-cache
Content-Type: application/json; charset=utf-8
host: localhost:5098
accept: */*

Response DefaultHttpResponse(decodeResult: success, version: HTTP/1.1)
HTTP/1.1 200 OK
Content-Length: 603
Content-Type: application/json; charset=utf-8
cache-control: no-cache

08:53:28.336 [AsyncHttpClient-1-2] DEBUG o.a.netty.channel.ChannelManager - Adding key: http://localhost:5098 for channel [id: 0x286049d1, L:/127.0.0.1:57149 - R:localhost/127.0.0.1:5098]
08:53:28.336 [Forwarding screenshot on session d9cd4433e688e362d5638ce2c29e10c3 to remote] DEBUG o.a.netty.request.NettyRequestSender - Using pooled Channel '[id: 0x286049d1, L:/127.0.0.1:57149 - R:localhost/127.0.0.1:5098]' for 'GET' to 'http://localhost:5098/session/d9cd4433e688e362d5638ce2c29e10c3/screenshot'
08:53:28.336 [Forwarding screenshot on session d9cd4433e688e362d5638ce2c29e10c3 to remote] DEBUG o.a.netty.request.NettyRequestSender - Using open Channel [id: 0x286049d1, L:/127.0.0.1:57149 - R:localhost/127.0.0.1:5098] for GET '/session/d9cd4433e688e362d5638ce2c29e10c3/screenshot'
08:53:28.452 [AsyncHttpClient-1-2] DEBUG o.a.netty.handler.HttpHandler - 

Request DefaultFullHttpRequest(decodeResult: success, version: HTTP/1.1, content: EmptyByteBufBE)
GET /session/d9cd4433e688e362d5638ce2c29e10c3/screenshot HTTP/1.1
User-Agent: selenium/4.10.0 (java windows)
Cache-Control: no-cache
Content-Type: application/json; charset=utf-8
host: localhost:5098
accept: */*

Response DefaultHttpResponse(decodeResult: success, version: HTTP/1.1)
HTTP/1.1 200 OK
Content-Length: 48708
Content-Type: application/json; charset=utf-8
cache-control: no-cache

08:53:28.452 [AsyncHttpClient-1-2] DEBUG o.a.netty.channel.ChannelManager - Adding key: http://localhost:5098 for channel [id: 0x286049d1, L:/127.0.0.1:57149 - R:localhost/127.0.0.1:5098]
08:53:28.452 [Forwarding getPageSource on session d9cd4433e688e362d5638ce2c29e10c3 to remote] DEBUG o.a.netty.request.NettyRequestSender - Using pooled Channel '[id: 0x286049d1, L:/127.0.0.1:57149 - R:localhost/127.0.0.1:5098]' for 'POST' to 'http://localhost:5098/session/d9cd4433e688e362d5638ce2c29e10c3/execute/sync'
08:53:28.452 [Forwarding getPageSource on session d9cd4433e688e362d5638ce2c29e10c3 to remote] DEBUG o.a.netty.request.NettyRequestSender - Using open Channel [id: 0x286049d1, L:/127.0.0.1:57149 - R:localhost/127.0.0.1:5098] for POST '/session/d9cd4433e688e362d5638ce2c29e10c3/execute/sync'
08:53:28.467 [AsyncHttpClient-1-2] DEBUG o.a.netty.handler.HttpHandler - 

Request DefaultHttpRequest(decodeResult: success, version: HTTP/1.1)
POST /session/d9cd4433e688e362d5638ce2c29e10c3/execute/sync HTTP/1.1
User-Agent: selenium/4.10.0 (java windows)
Content-Length: 176
Content-Type: application/json; charset=utf-8
host: localhost:5098
accept: */*

Response DefaultHttpResponse(decodeResult: success, version: HTTP/1.1)
HTTP/1.1 200 OK
Content-Length: 10107
Content-Type: application/json; charset=utf-8
cache-control: no-cache

08:53:28.467 [AsyncHttpClient-1-2] DEBUG o.a.netty.channel.ChannelManager - Adding key: http://localhost:5098 for channel [id: 0x286049d1, L:/127.0.0.1:57149 - R:localhost/127.0.0.1:5098]
08:53:28.467 [Forwarding getCurrentUrl on session d9cd4433e688e362d5638ce2c29e10c3 to remote] DEBUG o.a.netty.request.NettyRequestSender - Using pooled Channel '[id: 0x286049d1, L:/127.0.0.1:57149 - R:localhost/127.0.0.1:5098]' for 'GET' to 'http://localhost:5098/session/d9cd4433e688e362d5638ce2c29e10c3/url'
08:53:28.467 [Forwarding getCurrentUrl on session d9cd4433e688e362d5638ce2c29e10c3 to remote] DEBUG o.a.netty.request.NettyRequestSender - Using open Channel [id: 0x286049d1, L:/127.0.0.1:57149 - R:localhost/127.0.0.1:5098] for GET '/session/d9cd4433e688e362d5638ce2c29e10c3/url'
08:53:28.467 [AsyncHttpClient-1-2] DEBUG o.a.netty.handler.HttpHandler - 

Request DefaultFullHttpRequest(decodeResult: success, version: HTTP/1.1, content: EmptyByteBufBE)
GET /session/d9cd4433e688e362d5638ce2c29e10c3/url HTTP/1.1
User-Agent: selenium/4.10.0 (java windows)
Cache-Control: no-cache
Content-Type: application/json; charset=utf-8
host: localhost:5098
accept: */*

Response DefaultHttpResponse(decodeResult: success, version: HTTP/1.1)
HTTP/1.1 200 OK
Content-Length: 603
Content-Type: application/json; charset=utf-8
cache-control: no-cache

08:53:28.467 [AsyncHttpClient-1-2] DEBUG o.a.netty.channel.ChannelManager - Adding key: http://localhost:5098 for channel [id: 0x286049d1, L:/127.0.0.1:57149 - R:localhost/127.0.0.1:5098]
08:53:28.483 [Forwarding findElement on session d9cd4433e688e362d5638ce2c29e10c3 to remote] DEBUG o.a.netty.request.NettyRequestSender - Using pooled Channel '[id: 0x286049d1, L:/127.0.0.1:57149 - R:localhost/127.0.0.1:5098]' for 'POST' to 'http://localhost:5098/session/d9cd4433e688e362d5638ce2c29e10c3/element'
08:53:28.483 [Forwarding findElement on session d9cd4433e688e362d5638ce2c29e10c3 to remote] DEBUG o.a.netty.request.NettyRequestSender - Using open Channel [id: 0x286049d1, L:/127.0.0.1:57149 - R:localhost/127.0.0.1:5098] for POST '/session/d9cd4433e688e362d5638ce2c29e10c3/element'
08:53:28.483 [AsyncHttpClient-1-2] DEBUG o.a.netty.handler.HttpHandler - 

Request DefaultHttpRequest(decodeResult: success, version: HTTP/1.1)
POST /session/d9cd4433e688e362d5638ce2c29e10c3/element HTTP/1.1
User-Agent: selenium/4.10.0 (java windows)
Content-Length: 72
Content-Type: application/json; charset=utf-8
host: localhost:5098
accept: */*

Response DefaultHttpResponse(decodeResult: success, version: HTTP/1.1)
HTTP/1.1 200 OK
Content-Length: 95
Content-Type: application/json; charset=utf-8
cache-control: no-cache

08:53:28.483 [AsyncHttpClient-1-2] DEBUG o.a.netty.channel.ChannelManager - Adding key: http://localhost:5098 for channel [id: 0x286049d1, L:/127.0.0.1:57149 - R:localhost/127.0.0.1:5098]
08:53:28.498 [Forwarding getElementTagName on session d9cd4433e688e362d5638ce2c29e10c3 to remote] DEBUG o.a.netty.request.NettyRequestSender - Using pooled Channel '[id: 0x286049d1, L:/127.0.0.1:57149 - R:localhost/127.0.0.1:5098]' for 'GET' to 'http://localhost:5098/session/d9cd4433e688e362d5638ce2c29e10c3/element/F642C9C51CE2BD3C219ADE51534EBDEF_element_27/name'
08:53:28.498 [Forwarding getElementTagName on session d9cd4433e688e362d5638ce2c29e10c3 to remote] DEBUG o.a.netty.request.NettyRequestSender - Using open Channel [id: 0x286049d1, L:/127.0.0.1:57149 - R:localhost/127.0.0.1:5098] for GET '/session/d9cd4433e688e362d5638ce2c29e10c3/element/F642C9C51CE2BD3C219ADE51534EBDEF_element_27/name'
08:53:28.498 [AsyncHttpClient-1-2] DEBUG o.a.netty.handler.HttpHandler - 

Request DefaultFullHttpRequest(decodeResult: success, version: HTTP/1.1, content: EmptyByteBufBE)
GET /session/d9cd4433e688e362d5638ce2c29e10c3/element/F642C9C51CE2BD3C219ADE51534EBDEF_element_27/name HTTP/1.1
User-Agent: selenium/4.10.0 (java windows)
Cache-Control: no-cache
Content-Type: application/json; charset=utf-8
host: localhost:5098
accept: */*

Response DefaultHttpResponse(decodeResult: success, version: HTTP/1.1)
HTTP/1.1 200 OK
Content-Length: 17
Content-Type: application/json; charset=utf-8
cache-control: no-cache

08:53:28.498 [AsyncHttpClient-1-2] DEBUG o.a.netty.channel.ChannelManager - Adding key: http://localhost:5098 for channel [id: 0x286049d1, L:/127.0.0.1:57149 - R:localhost/127.0.0.1:5098]
08:53:28.498 [Forwarding getElementTagName on session d9cd4433e688e362d5638ce2c29e10c3 to remote] DEBUG o.a.netty.request.NettyRequestSender - Using pooled Channel '[id: 0x286049d1, L:/127.0.0.1:57149 - R:localhost/127.0.0.1:5098]' for 'GET' to 'http://localhost:5098/session/d9cd4433e688e362d5638ce2c29e10c3/element/F642C9C51CE2BD3C219ADE51534EBDEF_element_27/name'
08:53:28.498 [Forwarding getElementTagName on session d9cd4433e688e362d5638ce2c29e10c3 to remote] DEBUG o.a.netty.request.NettyRequestSender - Using open Channel [id: 0x286049d1, L:/127.0.0.1:57149 - R:localhost/127.0.0.1:5098] for GET '/session/d9cd4433e688e362d5638ce2c29e10c3/element/F642C9C51CE2BD3C219ADE51534EBDEF_element_27/name'
08:53:28.498 [AsyncHttpClient-1-2] DEBUG o.a.netty.handler.HttpHandler - 

Request DefaultFullHttpRequest(decodeResult: success, version: HTTP/1.1, content: EmptyByteBufBE)
GET /session/d9cd4433e688e362d5638ce2c29e10c3/element/F642C9C51CE2BD3C219ADE51534EBDEF_element_27/name HTTP/1.1
User-Agent: selenium/4.10.0 (java windows)
Cache-Control: no-cache
Content-Type: application/json; charset=utf-8
host: localhost:5098
accept: */*

Response DefaultHttpResponse(decodeResult: success, version: HTTP/1.1)
HTTP/1.1 200 OK
Content-Length: 17
Content-Type: application/json; charset=utf-8
cache-control: no-cache

08:53:28.498 [AsyncHttpClient-1-2] DEBUG o.a.netty.channel.ChannelManager - Adding key: http://localhost:5098 for channel [id: 0x286049d1, L:/127.0.0.1:57149 - R:localhost/127.0.0.1:5098]
08:53:28.498 [Forwarding isElementEnabled on session d9cd4433e688e362d5638ce2c29e10c3 to remote] DEBUG o.a.netty.request.NettyRequestSender - Using pooled Channel '[id: 0x286049d1, L:/127.0.0.1:57149 - R:localhost/127.0.0.1:5098]' for 'GET' to 'http://localhost:5098/session/d9cd4433e688e362d5638ce2c29e10c3/element/F642C9C51CE2BD3C219ADE51534EBDEF_element_27/enabled'
08:53:28.498 [Forwarding isElementEnabled on session d9cd4433e688e362d5638ce2c29e10c3 to remote] DEBUG o.a.netty.request.NettyRequestSender - Using open Channel [id: 0x286049d1, L:/127.0.0.1:57149 - R:localhost/127.0.0.1:5098] for GET '/session/d9cd4433e688e362d5638ce2c29e10c3/element/F642C9C51CE2BD3C219ADE51534EBDEF_element_27/enabled'
08:53:28.514 [AsyncHttpClient-1-2] DEBUG o.a.netty.handler.HttpHandler - 

Request DefaultFullHttpRequest(decodeResult: success, version: HTTP/1.1, content: EmptyByteBufBE)
GET /session/d9cd4433e688e362d5638ce2c29e10c3/element/F642C9C51CE2BD3C219ADE51534EBDEF_element_27/enabled HTTP/1.1
User-Agent: selenium/4.10.0 (java windows)
Cache-Control: no-cache
Content-Type: application/json; charset=utf-8
host: localhost:5098
accept: */*

Response DefaultHttpResponse(decodeResult: success, version: HTTP/1.1)
HTTP/1.1 200 OK
Content-Length: 14
Content-Type: application/json; charset=utf-8
cache-control: no-cache

08:53:28.514 [AsyncHttpClient-1-2] DEBUG o.a.netty.channel.ChannelManager - Adding key: http://localhost:5098 for channel [id: 0x286049d1, L:/127.0.0.1:57149 - R:localhost/127.0.0.1:5098]
08:53:28.514 [Forwarding isElementEnabled on session d9cd4433e688e362d5638ce2c29e10c3 to remote] DEBUG o.a.netty.request.NettyRequestSender - Using pooled Channel '[id: 0x286049d1, L:/127.0.0.1:57149 - R:localhost/127.0.0.1:5098]' for 'GET' to 'http://localhost:5098/session/d9cd4433e688e362d5638ce2c29e10c3/element/F642C9C51CE2BD3C219ADE51534EBDEF_element_27/enabled'
08:53:28.514 [Forwarding isElementEnabled on session d9cd4433e688e362d5638ce2c29e10c3 to remote] DEBUG o.a.netty.request.NettyRequestSender - Using open Channel [id: 0x286049d1, L:/127.0.0.1:57149 - R:localhost/127.0.0.1:5098] for GET '/session/d9cd4433e688e362d5638ce2c29e10c3/element/F642C9C51CE2BD3C219ADE51534EBDEF_element_27/enabled'
08:53:28.514 [AsyncHttpClient-1-2] DEBUG o.a.netty.handler.HttpHandler - 

Request DefaultFullHttpRequest(decodeResult: success, version: HTTP/1.1, content: EmptyByteBufBE)
GET /session/d9cd4433e688e362d5638ce2c29e10c3/element/F642C9C51CE2BD3C219ADE51534EBDEF_element_27/enabled HTTP/1.1
User-Agent: selenium/4.10.0 (java windows)
Cache-Control: no-cache
Content-Type: application/json; charset=utf-8
host: localhost:5098
accept: */*

Response DefaultHttpResponse(decodeResult: success, version: HTTP/1.1)
HTTP/1.1 200 OK
Content-Length: 14
Content-Type: application/json; charset=utf-8
cache-control: no-cache

08:53:28.514 [AsyncHttpClient-1-2] DEBUG o.a.netty.channel.ChannelManager - Adding key: http://localhost:5098 for channel [id: 0x286049d1, L:/127.0.0.1:57149 - R:localhost/127.0.0.1:5098]
08:53:28.514 [Forwarding findElement on session d9cd4433e688e362d5638ce2c29e10c3 to remote] DEBUG o.a.netty.request.NettyRequestSender - Using pooled Channel '[id: 0x286049d1, L:/127.0.0.1:57149 - R:localhost/127.0.0.1:5098]' for 'POST' to 'http://localhost:5098/session/d9cd4433e688e362d5638ce2c29e10c3/element'
08:53:28.514 [Forwarding findElement on session d9cd4433e688e362d5638ce2c29e10c3 to remote] DEBUG o.a.netty.request.NettyRequestSender - Using open Channel [id: 0x286049d1, L:/127.0.0.1:57149 - R:localhost/127.0.0.1:5098] for POST '/session/d9cd4433e688e362d5638ce2c29e10c3/element'
08:53:28.532 [AsyncHttpClient-1-2] DEBUG o.a.netty.handler.HttpHandler - 

Request DefaultHttpRequest(decodeResult: success, version: HTTP/1.1)
POST /session/d9cd4433e688e362d5638ce2c29e10c3/element HTTP/1.1
User-Agent: selenium/4.10.0 (java windows)
Content-Length: 72
Content-Type: application/json; charset=utf-8
host: localhost:5098
accept: */*

Response DefaultHttpResponse(decodeResult: success, version: HTTP/1.1)
HTTP/1.1 200 OK
Content-Length: 95
Content-Type: application/json; charset=utf-8
cache-control: no-cache

08:53:28.532 [AsyncHttpClient-1-2] DEBUG o.a.netty.channel.ChannelManager - Adding key: http://localhost:5098 for channel [id: 0x286049d1, L:/127.0.0.1:57149 - R:localhost/127.0.0.1:5098]
08:53:28.533 [Forwarding clickElement on session d9cd4433e688e362d5638ce2c29e10c3 to remote] DEBUG o.a.netty.request.NettyRequestSender - Using pooled Channel '[id: 0x286049d1, L:/127.0.0.1:57149 - R:localhost/127.0.0.1:5098]' for 'POST' to 'http://localhost:5098/session/d9cd4433e688e362d5638ce2c29e10c3/element/F642C9C51CE2BD3C219ADE51534EBDEF_element_27/click'
08:53:28.533 [Forwarding clickElement on session d9cd4433e688e362d5638ce2c29e10c3 to remote] DEBUG o.a.netty.request.NettyRequestSender - Using open Channel [id: 0x286049d1, L:/127.0.0.1:57149 - R:localhost/127.0.0.1:5098] for POST '/session/d9cd4433e688e362d5638ce2c29e10c3/element/F642C9C51CE2BD3C219ADE51534EBDEF_element_27/click'
08:53:29.036 [AsyncHttpClient-1-1] DEBUG o.a.netty.channel.DefaultChannelPool - Entry count for : http://localhost:57150 : 1
08:53:29.091 [AsyncHttpClient-1-2] DEBUG o.a.netty.handler.HttpHandler - 

Request DefaultHttpRequest(decodeResult: success, version: HTTP/1.1)
POST /session/d9cd4433e688e362d5638ce2c29e10c3/element/F642C9C51CE2BD3C219ADE51534EBDEF_element_27/click HTTP/1.1
User-Agent: selenium/4.10.0 (java windows)
Content-Length: 57
Content-Type: application/json; charset=utf-8
host: localhost:5098
accept: */*

Response DefaultHttpResponse(decodeResult: success, version: HTTP/1.1)
HTTP/1.1 200 OK
Content-Length: 14
Content-Type: application/json; charset=utf-8
cache-control: no-cache

08:53:29.091 [AsyncHttpClient-1-2] DEBUG o.a.netty.channel.ChannelManager - Adding key: http://localhost:5098 for channel [id: 0x286049d1, L:/127.0.0.1:57149 - R:localhost/127.0.0.1:5098]
08:53:29.099 [Forwarding getAlertText on session d9cd4433e688e362d5638ce2c29e10c3 to remote] DEBUG o.a.netty.request.NettyRequestSender - Using pooled Channel '[id: 0x286049d1, L:/127.0.0.1:57149 - R:localhost/127.0.0.1:5098]' for 'GET' to 'http://localhost:5098/session/d9cd4433e688e362d5638ce2c29e10c3/alert/text'
08:53:29.099 [Forwarding getAlertText on session d9cd4433e688e362d5638ce2c29e10c3 to remote] DEBUG o.a.netty.request.NettyRequestSender - Using open Channel [id: 0x286049d1, L:/127.0.0.1:57149 - R:localhost/127.0.0.1:5098] for GET '/session/d9cd4433e688e362d5638ce2c29e10c3/alert/text'
08:53:29.100 [AsyncHttpClient-1-2] DEBUG o.a.netty.handler.HttpHandler - 

Request DefaultFullHttpRequest(decodeResult: success, version: HTTP/1.1, content: EmptyByteBufBE)
GET /session/d9cd4433e688e362d5638ce2c29e10c3/alert/text HTTP/1.1
User-Agent: selenium/4.10.0 (java windows)
Cache-Control: no-cache
Content-Type: application/json; charset=utf-8
host: localhost:5098
accept: */*

Response DefaultHttpResponse(decodeResult: success, version: HTTP/1.1)
HTTP/1.1 404 Not Found
Content-Length: 848
Content-Type: application/json; charset=utf-8
cache-control: no-cache

08:53:29.100 [AsyncHttpClient-1-2] DEBUG o.a.netty.channel.ChannelManager - Adding key: http://localhost:5098 for channel [id: 0x286049d1, L:/127.0.0.1:57149 - R:localhost/127.0.0.1:5098]
08:53:29.101 [Forwarding getCurrentUrl on session d9cd4433e688e362d5638ce2c29e10c3 to remote] DEBUG o.a.netty.request.NettyRequestSender - Using pooled Channel '[id: 0x286049d1, L:/127.0.0.1:57149 - R:localhost/127.0.0.1:5098]' for 'GET' to 'http://localhost:5098/session/d9cd4433e688e362d5638ce2c29e10c3/url'
08:53:29.102 [Forwarding getCurrentUrl on session d9cd4433e688e362d5638ce2c29e10c3 to remote] DEBUG o.a.netty.request.NettyRequestSender - Using open Channel [id: 0x286049d1, L:/127.0.0.1:57149 - R:localhost/127.0.0.1:5098] for GET '/session/d9cd4433e688e362d5638ce2c29e10c3/url'
08:53:29.105 [AsyncHttpClient-1-2] DEBUG o.a.netty.handler.HttpHandler - 

Request DefaultFullHttpRequest(decodeResult: success, version: HTTP/1.1, content: EmptyByteBufBE)
GET /session/d9cd4433e688e362d5638ce2c29e10c3/url HTTP/1.1
User-Agent: selenium/4.10.0 (java windows)
Cache-Control: no-cache
Content-Type: application/json; charset=utf-8
host: localhost:5098
accept: */*

Response DefaultHttpResponse(decodeResult: success, version: HTTP/1.1)
HTTP/1.1 200 OK
Content-Length: 378
Content-Type: application/json; charset=utf-8
cache-control: no-cache

08:53:29.105 [AsyncHttpClient-1-2] DEBUG o.a.netty.channel.ChannelManager - Adding key: http://localhost:5098 for channel [id: 0x286049d1, L:/127.0.0.1:57149 - R:localhost/127.0.0.1:5098]
08:53:29.106 [Forwarding screenshot on session d9cd4433e688e362d5638ce2c29e10c3 to remote] DEBUG o.a.netty.request.NettyRequestSender - Using pooled Channel '[id: 0x286049d1, L:/127.0.0.1:57149 - R:localhost/127.0.0.1:5098]' for 'GET' to 'http://localhost:5098/session/d9cd4433e688e362d5638ce2c29e10c3/screenshot'
08:53:29.106 [Forwarding screenshot on session d9cd4433e688e362d5638ce2c29e10c3 to remote] DEBUG o.a.netty.request.NettyRequestSender - Using open Channel [id: 0x286049d1, L:/127.0.0.1:57149 - R:localhost/127.0.0.1:5098] for GET '/session/d9cd4433e688e362d5638ce2c29e10c3/screenshot'
08:53:29.235 [AsyncHttpClient-1-2] DEBUG o.a.netty.handler.HttpHandler - 

Request DefaultFullHttpRequest(decodeResult: success, version: HTTP/1.1, content: EmptyByteBufBE)
GET /session/d9cd4433e688e362d5638ce2c29e10c3/screenshot HTTP/1.1
User-Agent: selenium/4.10.0 (java windows)
Cache-Control: no-cache
Content-Type: application/json; charset=utf-8
host: localhost:5098
accept: */*

Response DefaultHttpResponse(decodeResult: success, version: HTTP/1.1)
HTTP/1.1 200 OK
Content-Length: 12132
Content-Type: application/json; charset=utf-8
cache-control: no-cache

08:53:29.236 [AsyncHttpClient-1-2] DEBUG o.a.netty.channel.ChannelManager - Adding key: http://localhost:5098 for channel [id: 0x286049d1, L:/127.0.0.1:57149 - R:localhost/127.0.0.1:5098]
08:53:29.245 [Forwarding getPageSource on session d9cd4433e688e362d5638ce2c29e10c3 to remote] DEBUG o.a.netty.request.NettyRequestSender - Using pooled Channel '[id: 0x286049d1, L:/127.0.0.1:57149 - R:localhost/127.0.0.1:5098]' for 'POST' to 'http://localhost:5098/session/d9cd4433e688e362d5638ce2c29e10c3/execute/sync'
08:53:29.245 [Forwarding getPageSource on session d9cd4433e688e362d5638ce2c29e10c3 to remote] DEBUG o.a.netty.request.NettyRequestSender - Using open Channel [id: 0x286049d1, L:/127.0.0.1:57149 - R:localhost/127.0.0.1:5098] for POST '/session/d9cd4433e688e362d5638ce2c29e10c3/execute/sync'
08:53:29.251 [AsyncHttpClient-1-2] DEBUG o.a.netty.handler.HttpHandler - 

Request DefaultHttpRequest(decodeResult: success, version: HTTP/1.1)
POST /session/d9cd4433e688e362d5638ce2c29e10c3/execute/sync HTTP/1.1
User-Agent: selenium/4.10.0 (java windows)
Content-Length: 176
Content-Type: application/json; charset=utf-8
host: localhost:5098
accept: */*

Response DefaultHttpResponse(decodeResult: success, version: HTTP/1.1)
HTTP/1.1 200 OK
Content-Length: 4676
Content-Type: application/json; charset=utf-8
cache-control: no-cache

08:53:29.251 [AsyncHttpClient-1-2] DEBUG o.a.netty.channel.ChannelManager - Adding key: http://localhost:5098 for channel [id: 0x286049d1, L:/127.0.0.1:57149 - R:localhost/127.0.0.1:5098]
08:53:29.254 [Forwarding getCurrentUrl on session d9cd4433e688e362d5638ce2c29e10c3 to remote] DEBUG o.a.netty.request.NettyRequestSender - Using pooled Channel '[id: 0x286049d1, L:/127.0.0.1:57149 - R:localhost/127.0.0.1:5098]' for 'GET' to 'http://localhost:5098/session/d9cd4433e688e362d5638ce2c29e10c3/url'
08:53:29.254 [Forwarding getCurrentUrl on session d9cd4433e688e362d5638ce2c29e10c3 to remote] DEBUG o.a.netty.request.NettyRequestSender - Using open Channel [id: 0x286049d1, L:/127.0.0.1:57149 - R:localhost/127.0.0.1:5098] for GET '/session/d9cd4433e688e362d5638ce2c29e10c3/url'
08:53:29.257 [AsyncHttpClient-1-2] DEBUG o.a.netty.handler.HttpHandler - 

Request DefaultFullHttpRequest(decodeResult: success, version: HTTP/1.1, content: EmptyByteBufBE)
GET /session/d9cd4433e688e362d5638ce2c29e10c3/url HTTP/1.1
User-Agent: selenium/4.10.0 (java windows)
Cache-Control: no-cache
Content-Type: application/json; charset=utf-8
host: localhost:5098
accept: */*

Response DefaultHttpResponse(decodeResult: success, version: HTTP/1.1)
HTTP/1.1 200 OK
Content-Length: 378
Content-Type: application/json; charset=utf-8
cache-control: no-cache

08:53:29.257 [AsyncHttpClient-1-2] DEBUG o.a.netty.channel.ChannelManager - Adding key: http://localhost:5098 for channel [id: 0x286049d1, L:/127.0.0.1:57149 - R:localhost/127.0.0.1:5098]
08:53:29.370 [main] DEBUG vmo.pages.homepage.HomePageVerify - Verifying user is in homepage
08:53:29.385 [Forwarding findElement on session d9cd4433e688e362d5638ce2c29e10c3 to remote] DEBUG o.a.netty.request.NettyRequestSender - Using pooled Channel '[id: 0x286049d1, L:/127.0.0.1:57149 - R:localhost/127.0.0.1:5098]' for 'POST' to 'http://localhost:5098/session/d9cd4433e688e362d5638ce2c29e10c3/element'
08:53:29.385 [Forwarding findElement on session d9cd4433e688e362d5638ce2c29e10c3 to remote] DEBUG o.a.netty.request.NettyRequestSender - Using open Channel [id: 0x286049d1, L:/127.0.0.1:57149 - R:localhost/127.0.0.1:5098] for POST '/session/d9cd4433e688e362d5638ce2c29e10c3/element'
08:53:29.385 [AsyncHttpClient-1-2] DEBUG o.a.netty.handler.HttpHandler - 

Request DefaultHttpRequest(decodeResult: success, version: HTTP/1.1)
POST /session/d9cd4433e688e362d5638ce2c29e10c3/element HTTP/1.1
User-Agent: selenium/4.10.0 (java windows)
Content-Length: 83
Content-Type: application/json; charset=utf-8
host: localhost:5098
accept: */*

Response DefaultHttpResponse(decodeResult: success, version: HTTP/1.1)
HTTP/1.1 200 OK
Content-Length: 94
Content-Type: application/json; charset=utf-8
cache-control: no-cache

08:53:29.385 [AsyncHttpClient-1-2] DEBUG o.a.netty.channel.ChannelManager - Adding key: http://localhost:5098 for channel [id: 0x286049d1, L:/127.0.0.1:57149 - R:localhost/127.0.0.1:5098]
08:53:29.385 [Forwarding isElementDisplayed on session d9cd4433e688e362d5638ce2c29e10c3 to remote] DEBUG o.a.netty.request.NettyRequestSender - Using pooled Channel '[id: 0x286049d1, L:/127.0.0.1:57149 - R:localhost/127.0.0.1:5098]' for 'POST' to 'http://localhost:5098/session/d9cd4433e688e362d5638ce2c29e10c3/execute/sync'
08:53:29.385 [Forwarding isElementDisplayed on session d9cd4433e688e362d5638ce2c29e10c3 to remote] DEBUG o.a.netty.request.NettyRequestSender - Using open Channel [id: 0x286049d1, L:/127.0.0.1:57149 - R:localhost/127.0.0.1:5098] for POST '/session/d9cd4433e688e362d5638ce2c29e10c3/execute/sync'
08:53:29.401 [AsyncHttpClient-1-2] DEBUG o.a.netty.handler.HttpHandler - 

Request DefaultHttpRequest(decodeResult: success, version: HTTP/1.1)
POST /session/d9cd4433e688e362d5638ce2c29e10c3/execute/sync HTTP/1.1
User-Agent: selenium/4.10.0 (java windows)
Content-Length: 48813
Content-Type: application/json; charset=utf-8
host: localhost:5098
accept: */*

Response DefaultHttpResponse(decodeResult: success, version: HTTP/1.1)
HTTP/1.1 200 OK
Content-Length: 15
Content-Type: application/json; charset=utf-8
cache-control: no-cache

08:53:29.401 [AsyncHttpClient-1-2] DEBUG o.a.netty.channel.ChannelManager - Adding key: http://localhost:5098 for channel [id: 0x286049d1, L:/127.0.0.1:57149 - R:localhost/127.0.0.1:5098]
08:53:29.463 [Forwarding isElementDisplayed on session d9cd4433e688e362d5638ce2c29e10c3 to remote] DEBUG o.a.netty.request.NettyRequestSender - Using pooled Channel '[id: 0x286049d1, L:/127.0.0.1:57149 - R:localhost/127.0.0.1:5098]' for 'POST' to 'http://localhost:5098/session/d9cd4433e688e362d5638ce2c29e10c3/execute/sync'
08:53:29.463 [Forwarding isElementDisplayed on session d9cd4433e688e362d5638ce2c29e10c3 to remote] DEBUG o.a.netty.request.NettyRequestSender - Using open Channel [id: 0x286049d1, L:/127.0.0.1:57149 - R:localhost/127.0.0.1:5098] for POST '/session/d9cd4433e688e362d5638ce2c29e10c3/execute/sync'
08:53:29.478 [AsyncHttpClient-1-2] DEBUG o.a.netty.handler.HttpHandler - 

Request DefaultHttpRequest(decodeResult: success, version: HTTP/1.1)
POST /session/d9cd4433e688e362d5638ce2c29e10c3/execute/sync HTTP/1.1
User-Agent: selenium/4.10.0 (java windows)
Content-Length: 48813
Content-Type: application/json; charset=utf-8
host: localhost:5098
accept: */*

Response DefaultHttpResponse(decodeResult: success, version: HTTP/1.1)
HTTP/1.1 200 OK
Content-Length: 15
Content-Type: application/json; charset=utf-8
cache-control: no-cache

08:53:29.478 [AsyncHttpClient-1-2] DEBUG o.a.netty.channel.ChannelManager - Adding key: http://localhost:5098 for channel [id: 0x286049d1, L:/127.0.0.1:57149 - R:localhost/127.0.0.1:5098]
08:53:29.543 [Forwarding isElementDisplayed on session d9cd4433e688e362d5638ce2c29e10c3 to remote] DEBUG o.a.netty.request.NettyRequestSender - Using pooled Channel '[id: 0x286049d1, L:/127.0.0.1:57149 - R:localhost/127.0.0.1:5098]' for 'POST' to 'http://localhost:5098/session/d9cd4433e688e362d5638ce2c29e10c3/execute/sync'
08:53:29.543 [Forwarding isElementDisplayed on session d9cd4433e688e362d5638ce2c29e10c3 to remote] DEBUG o.a.netty.request.NettyRequestSender - Using open Channel [id: 0x286049d1, L:/127.0.0.1:57149 - R:localhost/127.0.0.1:5098] for POST '/session/d9cd4433e688e362d5638ce2c29e10c3/execute/sync'
08:53:29.551 [AsyncHttpClient-1-2] DEBUG o.a.netty.handler.HttpHandler - 

Request DefaultHttpRequest(decodeResult: success, version: HTTP/1.1)
POST /session/d9cd4433e688e362d5638ce2c29e10c3/execute/sync HTTP/1.1
User-Agent: selenium/4.10.0 (java windows)
Content-Length: 48813
Content-Type: application/json; charset=utf-8
host: localhost:5098
accept: */*

Response DefaultHttpResponse(decodeResult: success, version: HTTP/1.1)
HTTP/1.1 200 OK
Content-Length: 15
Content-Type: application/json; charset=utf-8
cache-control: no-cache

08:53:29.551 [AsyncHttpClient-1-2] DEBUG o.a.netty.channel.ChannelManager - Adding key: http://localhost:5098 for channel [id: 0x286049d1, L:/127.0.0.1:57149 - R:localhost/127.0.0.1:5098]
08:53:29.604 [Forwarding isElementDisplayed on session d9cd4433e688e362d5638ce2c29e10c3 to remote] DEBUG o.a.netty.request.NettyRequestSender - Using pooled Channel '[id: 0x286049d1, L:/127.0.0.1:57149 - R:localhost/127.0.0.1:5098]' for 'POST' to 'http://localhost:5098/session/d9cd4433e688e362d5638ce2c29e10c3/execute/sync'
08:53:29.604 [Forwarding isElementDisplayed on session d9cd4433e688e362d5638ce2c29e10c3 to remote] DEBUG o.a.netty.request.NettyRequestSender - Using open Channel [id: 0x286049d1, L:/127.0.0.1:57149 - R:localhost/127.0.0.1:5098] for POST '/session/d9cd4433e688e362d5638ce2c29e10c3/execute/sync'
08:53:29.621 [AsyncHttpClient-1-2] DEBUG o.a.netty.handler.HttpHandler - 

Request DefaultHttpRequest(decodeResult: success, version: HTTP/1.1)
POST /session/d9cd4433e688e362d5638ce2c29e10c3/execute/sync HTTP/1.1
User-Agent: selenium/4.10.0 (java windows)
Content-Length: 48813
Content-Type: application/json; charset=utf-8
host: localhost:5098
accept: */*

Response DefaultHttpResponse(decodeResult: success, version: HTTP/1.1)
HTTP/1.1 200 OK
Content-Length: 15
Content-Type: application/json; charset=utf-8
cache-control: no-cache

08:53:29.621 [AsyncHttpClient-1-2] DEBUG o.a.netty.channel.ChannelManager - Adding key: http://localhost:5098 for channel [id: 0x286049d1, L:/127.0.0.1:57149 - R:localhost/127.0.0.1:5098]
08:53:29.686 [Forwarding isElementDisplayed on session d9cd4433e688e362d5638ce2c29e10c3 to remote] DEBUG o.a.netty.request.NettyRequestSender - Using pooled Channel '[id: 0x286049d1, L:/127.0.0.1:57149 - R:localhost/127.0.0.1:5098]' for 'POST' to 'http://localhost:5098/session/d9cd4433e688e362d5638ce2c29e10c3/execute/sync'
08:53:29.686 [Forwarding isElementDisplayed on session d9cd4433e688e362d5638ce2c29e10c3 to remote] DEBUG o.a.netty.request.NettyRequestSender - Using open Channel [id: 0x286049d1, L:/127.0.0.1:57149 - R:localhost/127.0.0.1:5098] for POST '/session/d9cd4433e688e362d5638ce2c29e10c3/execute/sync'
08:53:29.686 [AsyncHttpClient-1-2] DEBUG o.a.netty.handler.HttpHandler - 

Request DefaultHttpRequest(decodeResult: success, version: HTTP/1.1)
POST /session/d9cd4433e688e362d5638ce2c29e10c3/execute/sync HTTP/1.1
User-Agent: selenium/4.10.0 (java windows)
Content-Length: 48813
Content-Type: application/json; charset=utf-8
host: localhost:5098
accept: */*

Response DefaultHttpResponse(decodeResult: success, version: HTTP/1.1)
HTTP/1.1 200 OK
Content-Length: 15
Content-Type: application/json; charset=utf-8
cache-control: no-cache

08:53:29.686 [AsyncHttpClient-1-2] DEBUG o.a.netty.channel.ChannelManager - Adding key: http://localhost:5098 for channel [id: 0x286049d1, L:/127.0.0.1:57149 - R:localhost/127.0.0.1:5098]
08:53:29.749 [Forwarding isElementDisplayed on session d9cd4433e688e362d5638ce2c29e10c3 to remote] DEBUG o.a.netty.request.NettyRequestSender - Using pooled Channel '[id: 0x286049d1, L:/127.0.0.1:57149 - R:localhost/127.0.0.1:5098]' for 'POST' to 'http://localhost:5098/session/d9cd4433e688e362d5638ce2c29e10c3/execute/sync'
08:53:29.749 [Forwarding isElementDisplayed on session d9cd4433e688e362d5638ce2c29e10c3 to remote] DEBUG o.a.netty.request.NettyRequestSender - Using open Channel [id: 0x286049d1, L:/127.0.0.1:57149 - R:localhost/127.0.0.1:5098] for POST '/session/d9cd4433e688e362d5638ce2c29e10c3/execute/sync'
08:53:29.758 [AsyncHttpClient-1-2] DEBUG o.a.netty.handler.HttpHandler - 

Request DefaultHttpRequest(decodeResult: success, version: HTTP/1.1)
POST /session/d9cd4433e688e362d5638ce2c29e10c3/execute/sync HTTP/1.1
User-Agent: selenium/4.10.0 (java windows)
Content-Length: 48813
Content-Type: application/json; charset=utf-8
host: localhost:5098
accept: */*

Response DefaultHttpResponse(decodeResult: success, version: HTTP/1.1)
HTTP/1.1 200 OK
Content-Length: 15
Content-Type: application/json; charset=utf-8
cache-control: no-cache

08:53:29.758 [AsyncHttpClient-1-2] DEBUG o.a.netty.channel.ChannelManager - Adding key: http://localhost:5098 for channel [id: 0x286049d1, L:/127.0.0.1:57149 - R:localhost/127.0.0.1:5098]
08:53:29.823 [Forwarding isElementDisplayed on session d9cd4433e688e362d5638ce2c29e10c3 to remote] DEBUG o.a.netty.request.NettyRequestSender - Using pooled Channel '[id: 0x286049d1, L:/127.0.0.1:57149 - R:localhost/127.0.0.1:5098]' for 'POST' to 'http://localhost:5098/session/d9cd4433e688e362d5638ce2c29e10c3/execute/sync'
08:53:29.823 [Forwarding isElementDisplayed on session d9cd4433e688e362d5638ce2c29e10c3 to remote] DEBUG o.a.netty.request.NettyRequestSender - Using open Channel [id: 0x286049d1, L:/127.0.0.1:57149 - R:localhost/127.0.0.1:5098] for POST '/session/d9cd4433e688e362d5638ce2c29e10c3/execute/sync'
08:53:29.831 [AsyncHttpClient-1-2] DEBUG o.a.netty.handler.HttpHandler - 

Request DefaultHttpRequest(decodeResult: success, version: HTTP/1.1)
POST /session/d9cd4433e688e362d5638ce2c29e10c3/execute/sync HTTP/1.1
User-Agent: selenium/4.10.0 (java windows)
Content-Length: 48813
Content-Type: application/json; charset=utf-8
host: localhost:5098
accept: */*

Response DefaultHttpResponse(decodeResult: success, version: HTTP/1.1)
HTTP/1.1 200 OK
Content-Length: 14
Content-Type: application/json; charset=utf-8
cache-control: no-cache

08:53:29.831 [AsyncHttpClient-1-2] DEBUG o.a.netty.channel.ChannelManager - Adding key: http://localhost:5098 for channel [id: 0x286049d1, L:/127.0.0.1:57149 - R:localhost/127.0.0.1:5098]
08:53:29.839 [Forwarding getAlertText on session d9cd4433e688e362d5638ce2c29e10c3 to remote] DEBUG o.a.netty.request.NettyRequestSender - Using pooled Channel '[id: 0x286049d1, L:/127.0.0.1:57149 - R:localhost/127.0.0.1:5098]' for 'GET' to 'http://localhost:5098/session/d9cd4433e688e362d5638ce2c29e10c3/alert/text'
08:53:29.839 [Forwarding getAlertText on session d9cd4433e688e362d5638ce2c29e10c3 to remote] DEBUG o.a.netty.request.NettyRequestSender - Using open Channel [id: 0x286049d1, L:/127.0.0.1:57149 - R:localhost/127.0.0.1:5098] for GET '/session/d9cd4433e688e362d5638ce2c29e10c3/alert/text'
08:53:29.841 [AsyncHttpClient-1-2] DEBUG o.a.netty.handler.HttpHandler - 

[...]

Request DefaultFullHttpRequest(decodeResult: success, version: HTTP/1.1, content: EmptyByteBufBE)
GET /session/d9cd4433e688e362d5638ce2c29e10c3/alert/text HTTP/1.1
User-Agent: selenium/4.10.0 (java windows)
Cache-Control: no-cache
Content-Type: application/json; charset=utf-8
host: localhost:5098
accept: */*

Response DefaultHttpResponse(decodeResult: success, version: HTTP/1.1)
HTTP/1.1 404 Not Found
Content-Length: 848
Content-Type: application/json; charset=utf-8
cache-control: no-cache

08:53:38.120 [AsyncHttpClient-1-2] DEBUG o.a.netty.channel.ChannelManager - Adding key: http://localhost:5098 for channel [id: 0x286049d1, L:/127.0.0.1:57149 - R:localhost/127.0.0.1:5098]
08:53:38.120 [Forwarding getCurrentUrl on session d9cd4433e688e362d5638ce2c29e10c3 to remote] DEBUG o.a.netty.request.NettyRequestSender - Using pooled Channel '[id: 0x286049d1, L:/127.0.0.1:57149 - R:localhost/127.0.0.1:5098]' for 'GET' to 'http://localhost:5098/session/d9cd4433e688e362d5638ce2c29e10c3/url'
08:53:38.120 [Forwarding getCurrentUrl on session d9cd4433e688e362d5638ce2c29e10c3 to remote] DEBUG o.a.netty.request.NettyRequestSender - Using open Channel [id: 0x286049d1, L:/127.0.0.1:57149 - R:localhost/127.0.0.1:5098] for GET '/session/d9cd4433e688e362d5638ce2c29e10c3/url'
08:53:38.120 [AsyncHttpClient-1-2] DEBUG o.a.netty.handler.HttpHandler - 

Request DefaultFullHttpRequest(decodeResult: success, version: HTTP/1.1, content: EmptyByteBufBE)
GET /session/d9cd4433e688e362d5638ce2c29e10c3/url HTTP/1.1
User-Agent: selenium/4.10.0 (java windows)
Cache-Control: no-cache
Content-Type: application/json; charset=utf-8
host: localhost:5098
accept: */*

Response DefaultHttpResponse(decodeResult: success, version: HTTP/1.1)
HTTP/1.1 200 OK
Content-Length: 71
Content-Type: application/json; charset=utf-8
cache-control: no-cache

08:53:38.120 [AsyncHttpClient-1-2] DEBUG o.a.netty.channel.ChannelManager - Adding key: http://localhost:5098 for channel [id: 0x286049d1, L:/127.0.0.1:57149 - R:localhost/127.0.0.1:5098]
08:53:38.120 [Forwarding screenshot on session d9cd4433e688e362d5638ce2c29e10c3 to remote] DEBUG o.a.netty.request.NettyRequestSender - Using pooled Channel '[id: 0x286049d1, L:/127.0.0.1:57149 - R:localhost/127.0.0.1:5098]' for 'GET' to 'http://localhost:5098/session/d9cd4433e688e362d5638ce2c29e10c3/screenshot'
08:53:38.120 [Forwarding screenshot on session d9cd4433e688e362d5638ce2c29e10c3 to remote] DEBUG o.a.netty.request.NettyRequestSender - Using open Channel [id: 0x286049d1, L:/127.0.0.1:57149 - R:localhost/127.0.0.1:5098] for GET '/session/d9cd4433e688e362d5638ce2c29e10c3/screenshot'
08:53:38.603 [AsyncHttpClient-1-2] DEBUG o.a.netty.handler.HttpHandler - 

Request DefaultFullHttpRequest(decodeResult: success, version: HTTP/1.1, content: EmptyByteBufBE)
GET /session/d9cd4433e688e362d5638ce2c29e10c3/screenshot HTTP/1.1
User-Agent: selenium/4.10.0 (java windows)
Cache-Control: no-cache
Content-Type: application/json; charset=utf-8
host: localhost:5098
accept: */*

Response DefaultHttpResponse(decodeResult: success, version: HTTP/1.1)
HTTP/1.1 200 OK
Content-Length: 56468
Content-Type: application/json; charset=utf-8
cache-control: no-cache

08:53:38.603 [AsyncHttpClient-1-2] DEBUG o.a.netty.channel.ChannelManager - Adding key: http://localhost:5098 for channel [id: 0x286049d1, L:/127.0.0.1:57149 - R:localhost/127.0.0.1:5098]
  &amp#27;[32mGiven &amp#27;[0m&amp#27;[32mUser click on project &amp#27;[0m&amp#27;[32m&amp#27;[1mAHI Main&amp#27;[0m   &amp#27;[90m# vmo.steps.LeftMenuStepDefinition.clickOnAsset(java.lang.String)&amp#27;[0m
08:53:38.620 [Forwarding getPageSource on session d9cd4433e688e362d5638ce2c29e10c3 to remote] DEBUG o.a.netty.request.NettyRequestSender - Using pooled Channel '[id: 0x286049d1, L:/127.0.0.1:57149 - R:localhost/127.0.0.1:5098]' for 'POST' to 'http://localhost:5098/session/d9cd4433e688e362d5638ce2c29e10c3/execute/sync'
08:53:38.620 [Forwarding getPageSource on session d9cd4433e688e362d5638ce2c29e10c3 to remote] DEBUG o.a.netty.request.NettyRequestSender - Using open Channel [id: 0x286049d1, L:/127.0.0.1:57149 - R:localhost/127.0.0.1:5098] for POST '/session/d9cd4433e688e362d5638ce2c29e10c3/execute/sync'
08:53:38.620 [AsyncHttpClient-1-2] DEBUG o.a.netty.handler.HttpHandler - 

Request DefaultHttpRequest(decodeResult: success, version: HTTP/1.1)
POST /session/d9cd4433e688e362d5638ce2c29e10c3/execute/sync HTTP/1.1
User-Agent: selenium/4.10.0 (java windows)
Content-Length: 176
Content-Type: application/json; charset=utf-8
host: localhost:5098
accept: */*

Response DefaultHttpResponse(decodeResult: success, version: HTTP/1.1)
HTTP/1.1 200 OK
Content-Length: 34607
Content-Type: application/json; charset=utf-8
cache-control: no-cache

08:53:38.620 [AsyncHttpClient-1-2] DEBUG o.a.netty.channel.ChannelManager - Adding key: http://localhost:5098 for channel [id: 0x286049d1, L:/127.0.0.1:57149 - R:localhost/127.0.0.1:5098]
08:53:38.637 [Forwarding getCurrentUrl on session d9cd4433e688e362d5638ce2c29e10c3 to remote] DEBUG o.a.netty.request.NettyRequestSender - Using pooled Channel '[id: 0x286049d1, L:/127.0.0.1:57149 - R:localhost/127.0.0.1:5098]' for 'GET' to 'http://localhost:5098/session/d9cd4433e688e362d5638ce2c29e10c3/url'
08:53:38.637 [Forwarding getCurrentUrl on session d9cd4433e688e362d5638ce2c29e10c3 to remote] DEBUG o.a.netty.request.NettyRequestSender - Using open Channel [id: 0x286049d1, L:/127.0.0.1:57149 - R:localhost/127.0.0.1:5098] for GET '/session/d9cd4433e688e362d5638ce2c29e10c3/url'
08:53:38.637 [AsyncHttpClient-1-2] DEBUG o.a.netty.handler.HttpHandler - 

Request DefaultFullHttpRequest(decodeResult: success, version: HTTP/1.1, content: EmptyByteBufBE)
GET /session/d9cd4433e688e362d5638ce2c29e10c3/url HTTP/1.1
User-Agent: selenium/4.10.0 (java windows)
Cache-Control: no-cache
Content-Type: application/json; charset=utf-8
host: localhost:5098
accept: */*

Response DefaultHttpResponse(decodeResult: success, version: HTTP/1.1)
HTTP/1.1 200 OK
Content-Length: 71
Content-Type: application/json; charset=utf-8
cache-control: no-cache

08:53:38.637 [AsyncHttpClient-1-2] DEBUG o.a.netty.channel.ChannelManager - Adding key: http://localhost:5098 for channel [id: 0x286049d1, L:/127.0.0.1:57149 - R:localhost/127.0.0.1:5098]
08:53:38.637 [Forwarding getPageSource on session d9cd4433e688e362d5638ce2c29e10c3 to remote] DEBUG o.a.netty.request.NettyRequestSender - Using pooled Channel '[id: 0x286049d1, L:/127.0.0.1:57149 - R:localhost/127.0.0.1:5098]' for 'POST' to 'http://localhost:5098/session/d9cd4433e688e362d5638ce2c29e10c3/execute/sync'
08:53:38.637 [Forwarding getPageSource on session d9cd4433e688e362d5638ce2c29e10c3 to remote] DEBUG o.a.netty.request.NettyRequestSender - Using open Channel [id: 0x286049d1, L:/127.0.0.1:57149 - R:localhost/127.0.0.1:5098] for POST '/session/d9cd4433e688e362d5638ce2c29e10c3/execute/sync'
08:53:38.654 [AsyncHttpClient-1-2] DEBUG o.a.netty.handler.HttpHandler - 

Request DefaultHttpRequest(decodeResult: success, version: HTTP/1.1)
POST /session/d9cd4433e688e362d5638ce2c29e10c3/execute/sync HTTP/1.1
User-Agent: selenium/4.10.0 (java windows)
Content-Length: 176
Content-Type: application/json; charset=utf-8
host: localhost:5098
accept: */*

Response DefaultHttpResponse(decodeResult: success, version: HTTP/1.1)
HTTP/1.1 200 OK
Content-Length: 34607
Content-Type: application/json; charset=utf-8
cache-control: no-cache

08:53:38.654 [AsyncHttpClient-1-2] DEBUG o.a.netty.channel.ChannelManager - Adding key: http://localhost:5098 for channel [id: 0x286049d1, L:/127.0.0.1:57149 - R:localhost/127.0.0.1:5098]
08:53:38.654 [Forwarding getCurrentUrl on session d9cd4433e688e362d5638ce2c29e10c3 to remote] DEBUG o.a.netty.request.NettyRequestSender - Using pooled Channel '[id: 0x286049d1, L:/127.0.0.1:57149 - R:localhost/127.0.0.1:5098]' for 'GET' to 'http://localhost:5098/session/d9cd4433e688e362d5638ce2c29e10c3/url'
08:53:38.654 [Forwarding getCurrentUrl on session d9cd4433e688e362d5638ce2c29e10c3 to remote] DEBUG o.a.netty.request.NettyRequestSender - Using open Channel [id: 0x286049d1, L:/127.0.0.1:57149 - R:localhost/127.0.0.1:5098] for GET '/session/d9cd4433e688e362d5638ce2c29e10c3/url'
08:53:38.654 [AsyncHttpClient-1-2] DEBUG o.a.netty.handler.HttpHandler - 

Request DefaultFullHttpRequest(decodeResult: success, version: HTTP/1.1, content: EmptyByteBufBE)
GET /session/d9cd4433e688e362d5638ce2c29e10c3/url HTTP/1.1
User-Agent: selenium/4.10.0 (java windows)
Cache-Control: no-cache
Content-Type: application/json; charset=utf-8
host: localhost:5098
accept: */*

Response DefaultHttpResponse(decodeResult: success, version: HTTP/1.1)
HTTP/1.1 200 OK
Content-Length: 71
Content-Type: application/json; charset=utf-8
cache-control: no-cache

08:53:38.654 [AsyncHttpClient-1-2] DEBUG o.a.netty.channel.ChannelManager - Adding key: http://localhost:5098 for channel [id: 0x286049d1, L:/127.0.0.1:57149 - R:localhost/127.0.0.1:5098]
08:53:38.671 [Forwarding findElement on session d9cd4433e688e362d5638ce2c29e10c3 to remote] DEBUG o.a.netty.request.NettyRequestSender - Using pooled Channel '[id: 0x286049d1, L:/127.0.0.1:57149 - R:localhost/127.0.0.1:5098]' for 'POST' to 'http://localhost:5098/session/d9cd4433e688e362d5638ce2c29e10c3/element'
08:53:38.671 [Forwarding findElement on session d9cd4433e688e362d5638ce2c29e10c3 to remote] DEBUG o.a.netty.request.NettyRequestSender - Using open Channel [id: 0x286049d1, L:/127.0.0.1:57149 - R:localhost/127.0.0.1:5098] for POST '/session/d9cd4433e688e362d5638ce2c29e10c3/element'
08:53:38.936 [AsyncHttpClient-1-1] DEBUG o.a.netty.channel.DefaultChannelPool - Entry count for : http://localhost:57150 : 1
08:53:39.265 [AsyncHttpClient-1-2] DEBUG o.a.netty.handler.HttpHandler - 

Request DefaultHttpRequest(decodeResult: success, version: HTTP/1.1)
POST /session/d9cd4433e688e362d5638ce2c29e10c3/element HTTP/1.1
User-Agent: selenium/4.10.0 (java windows)
Content-Length: 81
Content-Type: application/json; charset=utf-8
host: localhost:5098
accept: */*

Response DefaultHttpResponse(decodeResult: success, version: HTTP/1.1)
HTTP/1.1 200 OK
Content-Length: 95
Content-Type: application/json; charset=utf-8
cache-control: no-cache

08:53:39.265 [AsyncHttpClient-1-2] DEBUG o.a.netty.channel.ChannelManager - Adding key: http://localhost:5098 for channel [id: 0x286049d1, L:/127.0.0.1:57149 - R:localhost/127.0.0.1:5098]
08:53:39.266 [main] DEBUG vmo.helper.ElementHelper - Click on web element [[ChromeDriver: chrome on windows (d9cd4433e688e362d5638ce2c29e10c3)] -> xpath: //span[text()='Broker Management']]
08:53:39.268 [Forwarding executeScript on session d9cd4433e688e362d5638ce2c29e10c3 to remote] DEBUG o.a.netty.request.NettyRequestSender - Using pooled Channel '[id: 0x286049d1, L:/127.0.0.1:57149 - R:localhost/127.0.0.1:5098]' for 'POST' to 'http://localhost:5098/session/d9cd4433e688e362d5638ce2c29e10c3/execute/sync'
08:53:39.268 [Forwarding executeScript on session d9cd4433e688e362d5638ce2c29e10c3 to remote] DEBUG o.a.netty.request.NettyRequestSender - Using open Channel [id: 0x286049d1, L:/127.0.0.1:57149 - R:localhost/127.0.0.1:5098] for POST '/session/d9cd4433e688e362d5638ce2c29e10c3/execute/sync'
08:53:39.313 [AsyncHttpClient-1-2] DEBUG o.a.netty.handler.HttpHandler - 

Request DefaultHttpRequest(decodeResult: success, version: HTTP/1.1)
POST /session/d9cd4433e688e362d5638ce2c29e10c3/execute/sync HTTP/1.1
User-Agent: selenium/4.10.0 (java windows)
Content-Length: 159
Content-Type: application/json; charset=utf-8
host: localhost:5098
accept: */*

Response DefaultHttpResponse(decodeResult: success, version: HTTP/1.1)
HTTP/1.1 200 OK
Content-Length: 14
Content-Type: application/json; charset=utf-8
cache-control: no-cache

08:53:39.313 [AsyncHttpClient-1-2] DEBUG o.a.netty.channel.ChannelManager - Adding key: http://localhost:5098 for channel [id: 0x286049d1, L:/127.0.0.1:57149 - R:localhost/127.0.0.1:5098]
08:53:39.313 [main] INFO  vmo.helper.ElementHelper - Already click on element
08:53:39.316 [Forwarding findElement on session d9cd4433e688e362d5638ce2c29e10c3 to remote] DEBUG o.a.netty.request.NettyRequestSender - Using pooled Channel '[id: 0x286049d1, L:/127.0.0.1:57149 - R:localhost/127.0.0.1:5098]' for 'POST' to 'http://localhost:5098/session/d9cd4433e688e362d5638ce2c29e10c3/element'
08:53:39.316 [Forwarding findElement on session d9cd4433e688e362d5638ce2c29e10c3 to remote] DEBUG o.a.netty.request.NettyRequestSender - Using open Channel [id: 0x286049d1, L:/127.0.0.1:57149 - R:localhost/127.0.0.1:5098] for POST '/session/d9cd4433e688e362d5638ce2c29e10c3/element'
08:53:39.329 [AsyncHttpClient-1-2] DEBUG o.a.netty.handler.HttpHandler - 

Request DefaultHttpRequest(decodeResult: success, version: HTTP/1.1)
POST /session/d9cd4433e688e362d5638ce2c29e10c3/element HTTP/1.1
User-Agent: selenium/4.10.0 (java windows)
Content-Length: 70
Content-Type: application/json; charset=utf-8
host: localhost:5098
accept: */*

Response DefaultHttpResponse(decodeResult: success, version: HTTP/1.1)
HTTP/1.1 200 OK
Content-Length: 95
Content-Type: application/json; charset=utf-8
cache-control: no-cache

08:53:39.329 [AsyncHttpClient-1-2] DEBUG o.a.netty.channel.ChannelManager - Adding key: http://localhost:5098 for channel [id: 0x286049d1, L:/127.0.0.1:57149 - R:localhost/127.0.0.1:5098]
08:53:39.331 [main] DEBUG vmo.helper.ElementHelper - Click on web element [[ChromeDriver: chrome on windows (d9cd4433e688e362d5638ce2c29e10c3)] -> xpath: //span[text()='Broker']]
08:53:39.331 [Forwarding executeScript on session d9cd4433e688e362d5638ce2c29e10c3 to remote] DEBUG o.a.netty.request.NettyRequestSender - Using pooled Channel '[id: 0x286049d1, L:/127.0.0.1:57149 - R:localhost/127.0.0.1:5098]' for 'POST' to 'http://localhost:5098/session/d9cd4433e688e362d5638ce2c29e10c3/execute/sync'
08:53:39.331 [Forwarding executeScript on session d9cd4433e688e362d5638ce2c29e10c3 to remote] DEBUG o.a.netty.request.NettyRequestSender - Using open Channel [id: 0x286049d1, L:/127.0.0.1:57149 - R:localhost/127.0.0.1:5098] for POST '/session/d9cd4433e688e362d5638ce2c29e10c3/execute/sync'
08:53:39.385 [AsyncHttpClient-1-2] DEBUG o.a.netty.handler.HttpHandler - 

Request DefaultHttpRequest(decodeResult: success, version: HTTP/1.1)
POST /session/d9cd4433e688e362d5638ce2c29e10c3/execute/sync HTTP/1.1
User-Agent: selenium/4.10.0 (java windows)
Content-Length: 159
Content-Type: application/json; charset=utf-8
host: localhost:5098
accept: */*

Response DefaultHttpResponse(decodeResult: success, version: HTTP/1.1)
HTTP/1.1 200 OK
Content-Length: 14
Content-Type: application/json; charset=utf-8
cache-control: no-cache

08:53:39.385 [AsyncHttpClient-1-2] DEBUG o.a.netty.channel.ChannelManager - Adding key: http://localhost:5098 for channel [id: 0x286049d1, L:/127.0.0.1:57149 - R:localhost/127.0.0.1:5098]
08:53:39.386 [main] INFO  vmo.helper.ElementHelper - Already click on element
08:53:39.390 [Forwarding getAlertText on session d9cd4433e688e362d5638ce2c29e10c3 to remote] DEBUG o.a.netty.request.NettyRequestSender - Using pooled Channel '[id: 0x286049d1, L:/127.0.0.1:57149 - R:localhost/127.0.0.1:5098]' for 'GET' to 'http://localhost:5098/session/d9cd4433e688e362d5638ce2c29e10c3/alert/text'
08:53:39.390 [Forwarding getAlertText on session d9cd4433e688e362d5638ce2c29e10c3 to remote] DEBUG o.a.netty.request.NettyRequestSender - Using open Channel [id: 0x286049d1, L:/127.0.0.1:57149 - R:localhost/127.0.0.1:5098] for GET '/session/d9cd4433e688e362d5638ce2c29e10c3/alert/text'
08:53:39.395 [AsyncHttpClient-1-2] DEBUG o.a.netty.handler.HttpHandler - 

Request DefaultFullHttpRequest(decodeResult: success, version: HTTP/1.1, content: EmptyByteBufBE)
GET /session/d9cd4433e688e362d5638ce2c29e10c3/alert/text HTTP/1.1
User-Agent: selenium/4.10.0 (java windows)
Cache-Control: no-cache
Content-Type: application/json; charset=utf-8
host: localhost:5098
accept: */*

Response DefaultHttpResponse(decodeResult: success, version: HTTP/1.1)
HTTP/1.1 404 Not Found
Content-Length: 848
Content-Type: application/json; charset=utf-8
cache-control: no-cache

08:53:39.396 [AsyncHttpClient-1-2] DEBUG o.a.netty.channel.ChannelManager - Adding key: http://localhost:5098 for channel [id: 0x286049d1, L:/127.0.0.1:57149 - R:localhost/127.0.0.1:5098]
08:53:39.397 [Forwarding getCurrentUrl on session d9cd4433e688e362d5638ce2c29e10c3 to remote] DEBUG o.a.netty.request.NettyRequestSender - Using pooled Channel '[id: 0x286049d1, L:/127.0.0.1:57149 - R:localhost/127.0.0.1:5098]' for 'GET' to 'http://localhost:5098/session/d9cd4433e688e362d5638ce2c29e10c3/url'
08:53:39.397 [Forwarding getCurrentUrl on session d9cd4433e688e362d5638ce2c29e10c3 to remote] DEBUG o.a.netty.request.NettyRequestSender - Using open Channel [id: 0x286049d1, L:/127.0.0.1:57149 - R:localhost/127.0.0.1:5098] for GET '/session/d9cd4433e688e362d5638ce2c29e10c3/url'
08:53:39.398 [AsyncHttpClient-1-2] DEBUG o.a.netty.handler.HttpHandler - 

Request DefaultFullHttpRequest(decodeResult: success, version: HTTP/1.1, content: EmptyByteBufBE)
GET /session/d9cd4433e688e362d5638ce2c29e10c3/url HTTP/1.1
User-Agent: selenium/4.10.0 (java windows)
Cache-Control: no-cache
Content-Type: application/json; charset=utf-8
host: localhost:5098
accept: */*

Response DefaultHttpResponse(decodeResult: success, version: HTTP/1.1)
HTTP/1.1 200 OK
Content-Length: 88
Content-Type: application/json; charset=utf-8
cache-control: no-cache

08:53:39.398 [AsyncHttpClient-1-2] DEBUG o.a.netty.channel.ChannelManager - Adding key: http://localhost:5098 for channel [id: 0x286049d1, L:/127.0.0.1:57149 - R:localhost/127.0.0.1:5098]
08:53:39.402 [Forwarding screenshot on session d9cd4433e688e362d5638ce2c29e10c3 to remote] DEBUG o.a.netty.request.NettyRequestSender - Using pooled Channel '[id: 0x286049d1, L:/127.0.0.1:57149 - R:localhost/127.0.0.1:5098]' for 'GET' to 'http://localhost:5098/session/d9cd4433e688e362d5638ce2c29e10c3/screenshot'
08:53:39.402 [Forwarding screenshot on session d9cd4433e688e362d5638ce2c29e10c3 to remote] DEBUG o.a.netty.request.NettyRequestSender - Using open Channel [id: 0x286049d1, L:/127.0.0.1:57149 - R:localhost/127.0.0.1:5098] for GET '/session/d9cd4433e688e362d5638ce2c29e10c3/screenshot'
08:53:40.051 [AsyncHttpClient-1-1] DEBUG o.a.netty.channel.DefaultChannelPool - Entry count for : http://localhost:57150 : 1
08:53:40.273 [AsyncHttpClient-1-2] DEBUG o.a.netty.handler.HttpHandler - 

Request DefaultFullHttpRequest(decodeResult: success, version: HTTP/1.1, content: EmptyByteBufBE)
GET /session/d9cd4433e688e362d5638ce2c29e10c3/screenshot HTTP/1.1
User-Agent: selenium/4.10.0 (java windows)
Cache-Control: no-cache
Content-Type: application/json; charset=utf-8
host: localhost:5098
accept: */*

Response DefaultHttpResponse(decodeResult: success, version: HTTP/1.1)
HTTP/1.1 200 OK
Content-Length: 102316
Content-Type: application/json; charset=utf-8
cache-control: no-cache

08:53:40.274 [AsyncHttpClient-1-2] DEBUG o.a.netty.channel.ChannelManager - Adding key: http://localhost:5098 for channel [id: 0x286049d1, L:/127.0.0.1:57149 - R:localhost/127.0.0.1:5098]
  &amp#27;[32mWhen &amp#27;[0m&amp#27;[32mUser follow path to access screen&amp#27;[0m &amp#27;[90m# vmo.steps.LeftMenuStepDefinition.accessPage(io.cucumber.datatable.DataTable)&amp#27;[0m
    | Broker Management |
    | Broker            |
08:53:40.284 [main] INFO   - 
  _____   ___   ___   _____     ___     _     ___   ___   ___   ___  
 |_   _| | __| / __| |_   _|   | _ \   /_\   / __| / __| | __| |   \ 
   | |   | _|  \__ \   | |     |  _/  / _ \  \__ \ \__ \ | _|  | |) |
   |_|   |___| |___/   |_|     |_|   /_/ \_\ |___/ |___/ |___| |___/ 

Access AHI Main
----------------------------------------------------------------------
]]></system-out>
    <system-err><![CDATA[Jul 13, 2023 8:53:22 AM org.openqa.selenium.remote.service.DriverService$Builder getLogOutput
INFO: Driver logs no longer sent to console by default; https://www.selenium.dev/documentation/webdriver/drivers/service/#setting-log-output
]]></system-err>
  </testcase>
</testsuite>