<?xml version="1.0" encoding="UTF-8" standalone="no"?><testsuite errors="1" failures="0" name="Task Management" skipped="0" tests="3" time="16.01" timestamp="2023-07-06 02:16:39"><testcase name="Add Task Management Success"/><testcase name="Edit Task Management"><error message="invalid selector: Unable to locate an element with the xpath expression By.xpath: //div[text()='MyEC']//ancestor::tr[@data-row-key]//button['MyEC'] because of the following error:&#10;SyntaxError: Failed to execute 'evaluate' on 'Document': The string 'By.xpath: //div[text()='MyEC']//ancestor::tr[@data-row-key]//button['MyEC']' is not a valid XPath expression.&#10;  (Session info: chrome=114.0.5735.199)&#10;For documentation on this error, please visit: https://www.selenium.dev/documentation/webdriver/troubleshooting/errors#invalid-selector-exception&#10;Build info: version: '4.10.0', revision: 'c14d967899'&#10;System info: os.name: 'Windows 10', os.arch: 'amd64', os.version: '10.0', java.version: '11.0.19'&#10;Driver info: org.openqa.selenium.chrome.ChromeDriver&#10;Command: [3b932b63d79c71697ad80bb88fb9eaa0, findElement {using=xpath, value=By.xpath: //div[text()='MyEC']//ancestor::tr[@data-row-key]//button['MyEC']}]&#10;Capabilities {acceptInsecureCerts: false, browserName: chrome, browserVersion: 114.0.5735.199, chrome: {chromedriverVersion: 114.0.5735.90 (386bc09e8f4f..., userDataDir: C:\Users\USER\AppData\Local...}, goog:chromeOptions: {debuggerAddress: localhost:56258}, networkConnectionEnabled: false, pageLoadStrategy: normal, platformName: windows, proxy: Proxy(), se:cdp: ws://localhost:56258/devtoo..., se:cdpVersion: 114.0.5735.199, setWindowRect: true, strictFileInteractability: false, timeouts: {implicit: 0, pageLoad: 300000, script: 30000}, unhandledPromptBehavior: dismiss and notify, webauthn:extension:credBlob: true, webauthn:extension:largeBlob: true, webauthn:extension:minPinLength: true, webauthn:extension:prf: true, webauthn:virtualAuthenticators: true}&#10;Session ID: 3b932b63d79c71697ad80bb88fb9eaa0&#10;For documentation on this error, please visit: https://www.selenium.dev/documentation/webdriver/troubleshooting/errors#invalid-selector-exception&#10;Build info: version: '4.10.0', revision: 'c14d967899'&#10;System info: os.name: 'Windows 10', os.arch: 'amd64', os.version: '10.0', java.version: '11.0.19'&#10;Driver info: driver.version: unknown" type="org.openqa.selenium.InvalidSelectorException">invalid selector: Unable to locate an element with the xpath expression By.xpath: //div[text()='MyEC']//ancestor::tr[@data-row-key]//button['MyEC'] because of the following error:
SyntaxError: Failed to execute 'evaluate' on 'Document': The string 'By.xpath: //div[text()='MyEC']//ancestor::tr[@data-row-key]//button['MyEC']' is not a valid XPath expression.
  (Session info: chrome=114.0.5735.199)
For documentation on this error, please visit: https://www.selenium.dev/documentation/webdriver/troubleshooting/errors#invalid-selector-exception
Build info: version: '4.10.0', revision: 'c14d967899'
System info: os.name: 'Windows 10', os.arch: 'amd64', os.version: '10.0', java.version: '11.0.19'
Driver info: org.openqa.selenium.chrome.ChromeDriver
Command: [3b932b63d79c71697ad80bb88fb9eaa0, findElement {using=xpath, value=By.xpath: //div[text()='MyEC']//ancestor::tr[@data-row-key]//button['MyEC']}]
Capabilities {acceptInsecureCerts: false, browserName: chrome, browserVersion: 114.0.5735.199, chrome: {chromedriverVersion: 114.0.5735.90 (386bc09e8f4f..., userDataDir: C:\Users\USER\AppData\Local...}, goog:chromeOptions: {debuggerAddress: localhost:56258}, networkConnectionEnabled: false, pageLoadStrategy: normal, platformName: windows, proxy: Proxy(), se:cdp: ws://localhost:56258/devtoo..., se:cdpVersion: 114.0.5735.199, setWindowRect: true, strictFileInteractability: false, timeouts: {implicit: 0, pageLoad: 300000, script: 30000}, unhandledPromptBehavior: dismiss and notify, webauthn:extension:credBlob: true, webauthn:extension:largeBlob: true, webauthn:extension:minPinLength: true, webauthn:extension:prf: true, webauthn:virtualAuthenticators: true}
Session ID: 3b932b63d79c71697ad80bb88fb9eaa0
For documentation on this error, please visit: https://www.selenium.dev/documentation/webdriver/troubleshooting/errors#invalid-selector-exception
Build info: version: '4.10.0', revision: 'c14d967899'
System info: os.name: 'Windows 10', os.arch: 'amd64', os.version: '10.0', java.version: '11.0.19'
Driver info: driver.version: unknown</error><system-err>invalid selector: Unable to locate an element with the xpath expression By.xpath: //div[text()='MyEC']//ancestor::tr[@data-row-key]//button['MyEC'] because of the following error:
SyntaxError: Failed to execute 'evaluate' on 'Document': The string 'By.xpath: //div[text()='MyEC']//ancestor::tr[@data-row-key]//button['MyEC']' is not a valid XPath expression.
  (Session info: chrome=114.0.5735.199)
For documentation on this error, please visit: https://www.selenium.dev/documentation/webdriver/troubleshooting/errors#invalid-selector-exception
Build info: version: '4.10.0', revision: 'c14d967899'
System info: os.name: 'Windows 10', os.arch: 'amd64', os.version: '10.0', java.version: '11.0.19'
Driver info: org.openqa.selenium.chrome.ChromeDriver
Command: [3b932b63d79c71697ad80bb88fb9eaa0, findElement {using=xpath, value=By.xpath: //div[text()='MyEC']//ancestor::tr[@data-row-key]//button['MyEC']}]
Capabilities {acceptInsecureCerts: false, browserName: chrome, browserVersion: 114.0.5735.199, chrome: {chromedriverVersion: 114.0.5735.90 (386bc09e8f4f..., userDataDir: C:\Users\USER\AppData\Local...}, goog:chromeOptions: {debuggerAddress: localhost:56258}, networkConnectionEnabled: false, pageLoadStrategy: normal, platformName: windows, proxy: Proxy(), se:cdp: ws://localhost:56258/devtoo..., se:cdpVersion: 114.0.5735.199, setWindowRect: true, strictFileInteractability: false, timeouts: {implicit: 0, pageLoad: 300000, script: 30000}, unhandledPromptBehavior: dismiss and notify, webauthn:extension:credBlob: true, webauthn:extension:largeBlob: true, webauthn:extension:minPinLength: true, webauthn:extension:prf: true, webauthn:virtualAuthenticators: true}
Session ID: 3b932b63d79c71697ad80bb88fb9eaa0
For documentation on this error, please visit: https://www.selenium.dev/documentation/webdriver/troubleshooting/errors#invalid-selector-exception
Build info: version: '4.10.0', revision: 'c14d967899'
System info: os.name: 'Windows 10', os.arch: 'amd64', os.version: '10.0', java.version: '11.0.19'
Driver info: driver.version: unknown&#13;
cucumber.starter@1.0.0-SNAPSHOT/vmo.pages.taskmanagement.TaskAction.clickEditButton(TaskAction.java:89)&#13;
cucumber.starter@1.0.0-SNAPSHOT/vmo.steps.TaskManagementStepDefinitions.clickOnEditButton(TaskManagementStepDefinitions.java:62)&#13;
✽.Click on edit button by search key "MyEC"(file:///F:/work_space/MyEC/serenity-cucumber/src/test/resources/features/taskManagement/TaskManagement.feature:23)&#13;
</system-err></testcase><testcase name="Delete Task Management"/></testsuite>